#! /c/Source/iverilog-install/bin/vvp
:ivl_version "12.0 (devel)" "(s20150603-1110-g18392a46)";
:ivl_delay_selection "TYPICAL";
:vpi_time_precision + 0;
:vpi_module "D:\Tools\iverilog\lib\ivl\system.vpi";
:vpi_module "D:\Tools\iverilog\lib\ivl\vhdl_sys.vpi";
:vpi_module "D:\Tools\iverilog\lib\ivl\vhdl_textio.vpi";
:vpi_module "D:\Tools\iverilog\lib\ivl\v2005_math.vpi";
:vpi_module "D:\Tools\iverilog\lib\ivl\va_math.vpi";
S_00000292372cbe70 .scope module, "bench" "bench" 2 1;
 .timescale 0 0;
v000002923732ff20_0 .var "addr", 31 0;
v00000292373309c0_0 .var "axi_lite_araddr", 31 0;
v0000029237330a60_0 .net "axi_lite_arready", 0 0, v00000292372b4660_0;  1 drivers
v0000029237330740_0 .var "axi_lite_arvalid", 0 0;
v0000029237330240_0 .var "axi_lite_awaddr", 31 0;
v0000029237330d80_0 .net "axi_lite_awready", 0 0, v000002923732f930_0;  1 drivers
v0000029237330c40_0 .var "axi_lite_awvalid", 0 0;
v0000029237330100_0 .var "axi_lite_bready", 0 0;
v000002923732fe80_0 .net "axi_lite_bresp", 1 0, v000002923732fb10_0;  1 drivers
v00000292373301a0_0 .net "axi_lite_bvalid", 0 0, v000002923732fbb0_0;  1 drivers
v0000029237330920_0 .net "axi_lite_rdata", 31 0, v000002923732fc50_0;  1 drivers
v00000292373304c0_0 .var "axi_lite_rready", 0 0;
v0000029237330600_0 .net "axi_lite_rvalid", 0 0, v000002923732fd90_0;  1 drivers
v00000292373307e0_0 .var "axi_lite_wdata", 31 0;
v0000029237330880_0 .net "axi_lite_wready", 0 0, v0000029237330060_0;  1 drivers
v0000029237330b00_0 .var "axi_lite_wvalid", 0 0;
v0000029237331860_0 .var "clk", 0 0;
v00000292373319a0_0 .var "data", 31 0;
v0000029237332300_0 .var "errno", 1 0;
v0000029237332b20_0 .var "rstn", 0 0;
E_00000292372aef20 .event "write_reg";
E_00000292372af960 .event "read_reg";
E_00000292372af060 .event "init";
S_00000292372cc000 .scope module, "axi_axi_dfp_inst" "axi_dfp" 2 34, 3 1 0, S_00000292372cbe70;
 .timescale 0 0;
    .port_info 0 /INPUT 1 "axi_aresetn";
    .port_info 1 /INPUT 1 "axi_aclk";
    .port_info 2 /INPUT 32 "axi_lite_awaddr";
    .port_info 3 /INPUT 1 "axi_lite_awvalid";
    .port_info 4 /OUTPUT 1 "axi_lite_awready";
    .port_info 5 /INPUT 32 "axi_lite_wdata";
    .port_info 6 /INPUT 1 "axi_lite_wvalid";
    .port_info 7 /OUTPUT 1 "axi_lite_wready";
    .port_info 8 /OUTPUT 2 "axi_lite_bresp";
    .port_info 9 /OUTPUT 1 "axi_lite_bvalid";
    .port_info 10 /INPUT 1 "axi_lite_bready";
    .port_info 11 /INPUT 32 "axi_lite_araddr";
    .port_info 12 /INPUT 1 "axi_lite_arvalid";
    .port_info 13 /OUTPUT 1 "axi_lite_arready";
    .port_info 14 /OUTPUT 32 "axi_lite_rdata";
    .port_info 15 /OUTPUT 1 "axi_lite_rvalid";
    .port_info 16 /INPUT 1 "axi_lite_rready";
P_00000292372cc190 .param/l "STATE_IDEL" 0 3 30, C4<00000001>;
P_00000292372cc1c8 .param/l "STATE_RECV_WRITE_DATA" 0 3 31, C4<00000010>;
P_00000292372cc200 .param/l "STATE_RESET" 0 3 29, C4<00000000>;
P_00000292372cc238 .param/l "STATE_SEND_DATA" 0 3 34, C4<00000101>;
P_00000292372cc270 .param/l "STATE_SEND_WRESP" 0 3 33, C4<00000100>;
P_00000292372cc2a8 .param/l "STATE_WRITE_REG" 0 3 32, C4<00000011>;
v00000292372b2660_0 .net "axi_aclk", 0 0, v0000029237331860_0;  1 drivers
v0000029237282b20_0 .net "axi_aresetn", 0 0, v0000029237332b20_0;  1 drivers
v00000292372b45c0_0 .net "axi_lite_araddr", 31 0, v00000292373309c0_0;  1 drivers
v00000292372b4660_0 .var "axi_lite_arready", 0 0;
v00000292372b4700_0 .net "axi_lite_arvalid", 0 0, v0000029237330740_0;  1 drivers
v000002923732f890_0 .net "axi_lite_awaddr", 31 0, v0000029237330240_0;  1 drivers
v000002923732f930_0 .var "axi_lite_awready", 0 0;
v000002923732f9d0_0 .net "axi_lite_awvalid", 0 0, v0000029237330c40_0;  1 drivers
v000002923732fa70_0 .net "axi_lite_bready", 0 0, v0000029237330100_0;  1 drivers
v000002923732fb10_0 .var "axi_lite_bresp", 1 0;
v000002923732fbb0_0 .var "axi_lite_bvalid", 0 0;
v000002923732fc50_0 .var "axi_lite_rdata", 31 0;
v000002923732fcf0_0 .net "axi_lite_rready", 0 0, v00000292373304c0_0;  1 drivers
v000002923732fd90_0 .var "axi_lite_rvalid", 0 0;
v0000029237330ce0_0 .net "axi_lite_wdata", 31 0, v00000292373307e0_0;  1 drivers
v0000029237330060_0 .var "axi_lite_wready", 0 0;
v00000292373306a0_0 .net "axi_lite_wvalid", 0 0, v0000029237330b00_0;  1 drivers
v00000292373302e0_0 .var "conf_addr_buf", 31 0;
v0000029237330ba0_0 .var "conf_data_buf", 31 0;
v000002923732ffc0_0 .var "err_code", 1 0;
v0000029237330560_0 .var "reg_conf_calc_method", 31 0;
v0000029237330420_0 .var "state", 8 0;
v0000029237330380_0 .var "state_next", 8 0;
E_00000292372af120/0 .event anyedge, v0000029237330420_0, v000002923732f9d0_0, v000002923732f890_0, v00000292372b4700_0;
E_00000292372af120/1 .event anyedge, v00000292372b45c0_0, v00000292373306a0_0, v0000029237330ce0_0, v00000292373302e0_0;
E_00000292372af120/2 .event anyedge, v0000029237330ba0_0, v000002923732fa70_0, v000002923732ffc0_0, v000002923732fcf0_0;
E_00000292372af120/3 .event anyedge, v0000029237330560_0;
E_00000292372af120 .event/or E_00000292372af120/0, E_00000292372af120/1, E_00000292372af120/2, E_00000292372af120/3;
E_00000292372aee60/0 .event anyedge, v0000029237330420_0, v000002923732f9d0_0, v00000292372b4700_0, v00000292373306a0_0;
E_00000292372aee60/1 .event anyedge, v000002923732fa70_0, v000002923732fcf0_0;
E_00000292372aee60 .event/or E_00000292372aee60/0, E_00000292372aee60/1;
E_00000292372afa20 .event posedge, v00000292372b2660_0;
    .scope S_00000292372cc000;
T_0 ;
    %wait E_00000292372afa20;
    %load/vec4 v0000029237282b20_0;
    %nor/r;
    %flag_set/vec4 8;
    %jmp/0xz  T_0.0, 8;
    %pushi/vec4 0, 0, 9;
    %assign/vec4 v0000029237330420_0, 0;
    %jmp T_0.1;
T_0.0 ;
    %load/vec4 v0000029237330380_0;
    %assign/vec4 v0000029237330420_0, 0;
T_0.1 ;
    %jmp T_0;
    .thread T_0;
    .scope S_00000292372cc000;
T_1 ;
    %wait E_00000292372aee60;
    %load/vec4 v0000029237330420_0;
    %dup/vec4;
    %pushi/vec4 0, 0, 9;
    %cmp/u;
    %jmp/1 T_1.0, 6;
    %dup/vec4;
    %pushi/vec4 1, 0, 9;
    %cmp/u;
    %jmp/1 T_1.1, 6;
    %dup/vec4;
    %pushi/vec4 2, 0, 9;
    %cmp/u;
    %jmp/1 T_1.2, 6;
    %dup/vec4;
    %pushi/vec4 3, 0, 9;
    %cmp/u;
    %jmp/1 T_1.3, 6;
    %dup/vec4;
    %pushi/vec4 4, 0, 9;
    %cmp/u;
    %jmp/1 T_1.4, 6;
    %dup/vec4;
    %pushi/vec4 5, 0, 9;
    %cmp/u;
    %jmp/1 T_1.5, 6;
    %pushi/vec4 0, 0, 9;
    %store/vec4 v0000029237330380_0, 0, 9;
    %jmp T_1.7;
T_1.0 ;
    %pushi/vec4 1, 0, 9;
    %store/vec4 v0000029237330380_0, 0, 9;
    %jmp T_1.7;
T_1.1 ;
    %load/vec4 v000002923732f9d0_0;
    %flag_set/vec4 8;
    %jmp/0xz  T_1.8, 8;
    %pushi/vec4 2, 0, 9;
    %store/vec4 v0000029237330380_0, 0, 9;
    %jmp T_1.9;
T_1.8 ;
    %load/vec4 v00000292372b4700_0;
    %flag_set/vec4 8;
    %jmp/0xz  T_1.10, 8;
    %pushi/vec4 5, 0, 9;
    %store/vec4 v0000029237330380_0, 0, 9;
    %jmp T_1.11;
T_1.10 ;
    %pushi/vec4 1, 0, 9;
    %store/vec4 v0000029237330380_0, 0, 9;
T_1.11 ;
T_1.9 ;
    %jmp T_1.7;
T_1.2 ;
    %load/vec4 v00000292373306a0_0;
    %flag_set/vec4 8;
    %jmp/0xz  T_1.12, 8;
    %pushi/vec4 3, 0, 9;
    %store/vec4 v0000029237330380_0, 0, 9;
    %jmp T_1.13;
T_1.12 ;
    %pushi/vec4 2, 0, 9;
    %store/vec4 v0000029237330380_0, 0, 9;
T_1.13 ;
    %jmp T_1.7;
T_1.3 ;
    %pushi/vec4 4, 0, 9;
    %store/vec4 v0000029237330380_0, 0, 9;
    %jmp T_1.7;
T_1.4 ;
    %load/vec4 v000002923732fa70_0;
    %flag_set/vec4 8;
    %jmp/0xz  T_1.14, 8;
    %pushi/vec4 1, 0, 9;
    %store/vec4 v0000029237330380_0, 0, 9;
    %jmp T_1.15;
T_1.14 ;
    %pushi/vec4 4, 0, 9;
    %store/vec4 v0000029237330380_0, 0, 9;
T_1.15 ;
    %jmp T_1.7;
T_1.5 ;
    %load/vec4 v000002923732fcf0_0;
    %flag_set/vec4 8;
    %jmp/0xz  T_1.16, 8;
    %pushi/vec4 1, 0, 9;
    %store/vec4 v0000029237330380_0, 0, 9;
    %jmp T_1.17;
T_1.16 ;
    %pushi/vec4 5, 0, 9;
    %store/vec4 v0000029237330380_0, 0, 9;
T_1.17 ;
    %jmp T_1.7;
T_1.7 ;
    %pop/vec4 1;
    %jmp T_1;
    .thread T_1, $push;
    .scope S_00000292372cc000;
T_2 ;
    %wait E_00000292372af120;
    %load/vec4 v0000029237330420_0;
    %dup/vec4;
    %pushi/vec4 0, 0, 9;
    %cmp/u;
    %jmp/1 T_2.0, 6;
    %dup/vec4;
    %pushi/vec4 1, 0, 9;
    %cmp/u;
    %jmp/1 T_2.1, 6;
    %dup/vec4;
    %pushi/vec4 2, 0, 9;
    %cmp/u;
    %jmp/1 T_2.2, 6;
    %dup/vec4;
    %pushi/vec4 3, 0, 9;
    %cmp/u;
    %jmp/1 T_2.3, 6;
    %dup/vec4;
    %pushi/vec4 4, 0, 9;
    %cmp/u;
    %jmp/1 T_2.4, 6;
    %dup/vec4;
    %pushi/vec4 5, 0, 9;
    %cmp/u;
    %jmp/1 T_2.5, 6;
    %pushi/vec4 0, 0, 1;
    %store/vec4 v000002923732f930_0, 0, 1;
    %pushi/vec4 0, 0, 1;
    %store/vec4 v0000029237330060_0, 0, 1;
    %pushi/vec4 0, 0, 2;
    %store/vec4 v000002923732fb10_0, 0, 2;
    %pushi/vec4 0, 0, 1;
    %store/vec4 v000002923732fbb0_0, 0, 1;
    %pushi/vec4 0, 0, 1;
    %store/vec4 v00000292372b4660_0, 0, 1;
    %pushi/vec4 0, 0, 32;
    %store/vec4 v000002923732fc50_0, 0, 32;
    %pushi/vec4 0, 0, 1;
    %store/vec4 v000002923732fd90_0, 0, 1;
    %pushi/vec4 0, 0, 32;
    %store/vec4 v00000292373302e0_0, 0, 32;
    %pushi/vec4 0, 0, 32;
    %store/vec4 v0000029237330ba0_0, 0, 32;
    %pushi/vec4 0, 0, 2;
    %store/vec4 v000002923732ffc0_0, 0, 2;
    %pushi/vec4 0, 0, 32;
    %store/vec4 v0000029237330560_0, 0, 32;
    %jmp T_2.7;
T_2.0 ;
    %pushi/vec4 0, 0, 1;
    %store/vec4 v000002923732f930_0, 0, 1;
    %pushi/vec4 0, 0, 1;
    %store/vec4 v0000029237330060_0, 0, 1;
    %pushi/vec4 0, 0, 2;
    %store/vec4 v000002923732fb10_0, 0, 2;
    %pushi/vec4 0, 0, 1;
    %store/vec4 v000002923732fbb0_0, 0, 1;
    %pushi/vec4 0, 0, 1;
    %store/vec4 v00000292372b4660_0, 0, 1;
    %pushi/vec4 0, 0, 32;
    %store/vec4 v000002923732fc50_0, 0, 32;
    %pushi/vec4 0, 0, 1;
    %store/vec4 v000002923732fd90_0, 0, 1;
    %pushi/vec4 0, 0, 32;
    %store/vec4 v00000292373302e0_0, 0, 32;
    %pushi/vec4 0, 0, 32;
    %store/vec4 v0000029237330ba0_0, 0, 32;
    %pushi/vec4 0, 0, 2;
    %store/vec4 v000002923732ffc0_0, 0, 2;
    %pushi/vec4 0, 0, 32;
    %store/vec4 v0000029237330560_0, 0, 32;
    %jmp T_2.7;
T_2.1 ;
    %pushi/vec4 1, 0, 1;
    %store/vec4 v000002923732f930_0, 0, 1;
    %pushi/vec4 0, 0, 1;
    %store/vec4 v0000029237330060_0, 0, 1;
    %pushi/vec4 0, 0, 2;
    %store/vec4 v000002923732fb10_0, 0, 2;
    %pushi/vec4 0, 0, 1;
    %store/vec4 v000002923732fbb0_0, 0, 1;
    %pushi/vec4 1, 0, 1;
    %store/vec4 v00000292372b4660_0, 0, 1;
    %pushi/vec4 0, 0, 32;
    %store/vec4 v000002923732fc50_0, 0, 32;
    %pushi/vec4 0, 0, 1;
    %store/vec4 v000002923732fd90_0, 0, 1;
    %pushi/vec4 0, 0, 32;
    %store/vec4 v0000029237330ba0_0, 0, 32;
    %pushi/vec4 0, 0, 2;
    %store/vec4 v000002923732ffc0_0, 0, 2;
    %load/vec4 v000002923732f9d0_0;
    %flag_set/vec4 8;
    %jmp/0xz  T_2.8, 8;
    %load/vec4 v000002923732f890_0;
    %store/vec4 v00000292373302e0_0, 0, 32;
    %jmp T_2.9;
T_2.8 ;
    %load/vec4 v00000292372b4700_0;
    %flag_set/vec4 8;
    %jmp/0xz  T_2.10, 8;
    %load/vec4 v00000292372b45c0_0;
    %store/vec4 v00000292373302e0_0, 0, 32;
    %jmp T_2.11;
T_2.10 ;
    %pushi/vec4 0, 0, 32;
    %store/vec4 v00000292373302e0_0, 0, 32;
T_2.11 ;
T_2.9 ;
    %jmp T_2.7;
T_2.2 ;
    %pushi/vec4 0, 0, 1;
    %store/vec4 v000002923732f930_0, 0, 1;
    %pushi/vec4 0, 0, 1;
    %store/vec4 v00000292372b4660_0, 0, 1;
    %pushi/vec4 1, 0, 1;
    %store/vec4 v0000029237330060_0, 0, 1;
    %load/vec4 v00000292373306a0_0;
    %flag_set/vec4 8;
    %jmp/0xz  T_2.12, 8;
    %load/vec4 v0000029237330ce0_0;
    %store/vec4 v0000029237330ba0_0, 0, 32;
    %jmp T_2.13;
T_2.12 ;
    %pushi/vec4 0, 0, 32;
    %store/vec4 v0000029237330ba0_0, 0, 32;
T_2.13 ;
    %jmp T_2.7;
T_2.3 ;
    %pushi/vec4 0, 0, 1;
    %store/vec4 v0000029237330060_0, 0, 1;
    %load/vec4 v00000292373302e0_0;
    %dup/vec4;
    %pushi/vec4 0, 0, 32;
    %cmp/u;
    %jmp/1 T_2.14, 6;
    %pushi/vec4 2, 0, 2;
    %store/vec4 v000002923732ffc0_0, 0, 2;
    %jmp T_2.16;
T_2.14 ;
    %load/vec4 v0000029237330ba0_0;
    %store/vec4 v0000029237330560_0, 0, 32;
    %pushi/vec4 1, 0, 2;
    %store/vec4 v000002923732ffc0_0, 0, 2;
    %jmp T_2.16;
T_2.16 ;
    %pop/vec4 1;
    %jmp T_2.7;
T_2.4 ;
    %pushi/vec4 1, 0, 1;
    %store/vec4 v000002923732fbb0_0, 0, 1;
    %load/vec4 v000002923732fa70_0;
    %flag_set/vec4 8;
    %jmp/0xz  T_2.17, 8;
    %load/vec4 v000002923732ffc0_0;
    %store/vec4 v000002923732fb10_0, 0, 2;
    %jmp T_2.18;
T_2.17 ;
    %pushi/vec4 0, 0, 2;
    %store/vec4 v000002923732fb10_0, 0, 2;
T_2.18 ;
    %jmp T_2.7;
T_2.5 ;
    %pushi/vec4 0, 0, 1;
    %store/vec4 v000002923732f930_0, 0, 1;
    %pushi/vec4 0, 0, 1;
    %store/vec4 v00000292372b4660_0, 0, 1;
    %pushi/vec4 1, 0, 1;
    %store/vec4 v000002923732fd90_0, 0, 1;
    %load/vec4 v000002923732fcf0_0;
    %flag_set/vec4 8;
    %jmp/0xz  T_2.19, 8;
    %load/vec4 v00000292373302e0_0;
    %dup/vec4;
    %pushi/vec4 0, 0, 32;
    %cmp/u;
    %jmp/1 T_2.21, 6;
    %pushi/vec4 0, 0, 32;
    %store/vec4 v000002923732fc50_0, 0, 32;
    %jmp T_2.23;
T_2.21 ;
    %load/vec4 v0000029237330560_0;
    %store/vec4 v000002923732fc50_0, 0, 32;
    %jmp T_2.23;
T_2.23 ;
    %pop/vec4 1;
    %jmp T_2.20;
T_2.19 ;
    %pushi/vec4 0, 0, 32;
    %store/vec4 v000002923732fc50_0, 0, 32;
T_2.20 ;
    %jmp T_2.7;
T_2.7 ;
    %pop/vec4 1;
    %jmp T_2;
    .thread T_2, $push;
    .scope S_00000292372cbe70;
T_3 ;
    %pushi/vec4 0, 0, 1;
    %store/vec4 v0000029237331860_0, 0, 1;
    %pushi/vec4 1, 0, 1;
    %store/vec4 v0000029237332b20_0, 0, 1;
    %end;
    .thread T_3;
    .scope S_00000292372cbe70;
T_4 ;
    %vpi_call 2 4 "$dumpfile", "test.vcd" {0 0 0};
    %vpi_call 2 5 "$dumpvars" {0 0 0};
    %end;
    .thread T_4;
    .scope S_00000292372cbe70;
T_5 ;
    %delay 1, 0;
    %load/vec4 v0000029237331860_0;
    %inv;
    %store/vec4 v0000029237331860_0, 0, 1;
    %jmp T_5;
    .thread T_5;
    .scope S_00000292372cbe70;
T_6 ;
    %wait E_00000292372af060;
    %pushi/vec4 0, 0, 32;
    %store/vec4 v0000029237330240_0, 0, 32;
    %pushi/vec4 0, 0, 1;
    %store/vec4 v0000029237330c40_0, 0, 1;
    %pushi/vec4 0, 0, 32;
    %store/vec4 v00000292373307e0_0, 0, 32;
    %pushi/vec4 0, 0, 1;
    %store/vec4 v0000029237330b00_0, 0, 1;
    %pushi/vec4 0, 0, 1;
    %store/vec4 v0000029237330100_0, 0, 1;
    %pushi/vec4 0, 0, 32;
    %store/vec4 v00000292373309c0_0, 0, 32;
    %pushi/vec4 0, 0, 1;
    %store/vec4 v0000029237330740_0, 0, 1;
    %pushi/vec4 0, 0, 1;
    %store/vec4 v00000292373304c0_0, 0, 1;
    %jmp T_6;
    .thread T_6;
    .scope S_00000292372cbe70;
T_7 ;
    %wait E_00000292372aef20;
    %pushi/vec4 0, 0, 2;
    %store/vec4 v0000029237332300_0, 0, 2;
    %delay 10, 0;
    %load/vec4 v0000029237330d80_0;
    %flag_set/vec4 8;
    %jmp/0xz  T_7.0, 8;
    %load/vec4 v000002923732ff20_0;
    %store/vec4 v0000029237330240_0, 0, 32;
    %pushi/vec4 1, 0, 1;
    %store/vec4 v0000029237330c40_0, 0, 1;
T_7.0 ;
    %delay 2, 0;
    %event E_00000292372af060;
    %delay 10, 0;
    %load/vec4 v0000029237330880_0;
    %flag_set/vec4 8;
    %jmp/0xz  T_7.2, 8;
    %load/vec4 v00000292373319a0_0;
    %store/vec4 v00000292373307e0_0, 0, 32;
    %pushi/vec4 1, 0, 1;
    %store/vec4 v0000029237330b00_0, 0, 1;
T_7.2 ;
    %delay 2, 0;
    %event E_00000292372af060;
    %delay 10, 0;
    %pushi/vec4 1, 0, 1;
    %store/vec4 v0000029237330100_0, 0, 1;
    %load/vec4 v00000292373301a0_0;
    %flag_set/vec4 8;
    %jmp/0xz  T_7.4, 8;
    %load/vec4 v000002923732fe80_0;
    %store/vec4 v0000029237332300_0, 0, 2;
T_7.4 ;
    %delay 2, 0;
    %event E_00000292372af060;
    %jmp T_7;
    .thread T_7;
    .scope S_00000292372cbe70;
T_8 ;
    %wait E_00000292372af960;
    %delay 10, 0;
    %load/vec4 v0000029237330a60_0;
    %flag_set/vec4 8;
    %jmp/0xz  T_8.0, 8;
    %pushi/vec4 1, 0, 1;
    %store/vec4 v0000029237330740_0, 0, 1;
    %load/vec4 v000002923732ff20_0;
    %store/vec4 v00000292373309c0_0, 0, 32;
T_8.0 ;
    %delay 2, 0;
    %event E_00000292372af060;
    %delay 16, 0;
    %pushi/vec4 1, 0, 1;
    %store/vec4 v00000292373304c0_0, 0, 1;
    %load/vec4 v0000029237330600_0;
    %flag_set/vec4 8;
    %jmp/0xz  T_8.2, 8;
    %load/vec4 v0000029237330920_0;
    %store/vec4 v00000292373319a0_0, 0, 32;
T_8.2 ;
    %delay 2, 0;
    %event E_00000292372af060;
    %jmp T_8;
    .thread T_8;
    .scope S_00000292372cbe70;
T_9 ;
    %delay 9, 0;
    %pushi/vec4 0, 0, 1;
    %store/vec4 v0000029237332b20_0, 0, 1;
    %event E_00000292372af060;
    %delay 100, 0;
    %pushi/vec4 1, 0, 1;
    %store/vec4 v0000029237332b20_0, 0, 1;
    %delay 1000, 0;
    %pushi/vec4 0, 0, 32;
    %store/vec4 v000002923732ff20_0, 0, 32;
    %pushi/vec4 48828125, 0, 32;
    %store/vec4 v00000292373319a0_0, 0, 32;
    %event E_00000292372aef20;
    %delay 1000, 0;
    %pushi/vec4 0, 0, 32;
    %store/vec4 v000002923732ff20_0, 0, 32;
    %event E_00000292372af960;
    %delay 1000, 0;
    %vpi_call 2 135 "$stop" {0 0 0};
    %end;
    .thread T_9;
# The file index is used to find the file name in the following table.
:file_names 4;
    "N/A";
    "<interactive>";
    "bench.v";
    "axi_dfp.v";
