#! /mingw64/bin/vvp
:ivl_version "12.0 (devel)" "(s20150603-1391-gd480c4d7d)";
:ivl_delay_selection "TYPICAL";
:vpi_time_precision - 12;
:vpi_module "C:\msys64\mingw64\lib\ivl\system.vpi";
:vpi_module "C:\msys64\mingw64\lib\ivl\vhdl_sys.vpi";
:vpi_module "C:\msys64\mingw64\lib\ivl\vhdl_textio.vpi";
:vpi_module "C:\msys64\mingw64\lib\ivl\v2005_math.vpi";
:vpi_module "C:\msys64\mingw64\lib\ivl\va_math.vpi";
S_0000019d680b9ee0 .scope module, "bench" "bench" 2 3;
 .timescale -9 -12;
v0000019d6854c690_0 .var "axi_lite_araddr", 31 0;
v0000019d6854bd30_0 .net "axi_lite_arready", 0 0, v0000019d685498c0_0;  1 drivers
v0000019d6854b470_0 .var "axi_lite_arvalid", 0 0;
v0000019d6854b0b0_0 .var "axi_lite_awaddr", 31 0;
v0000019d6854c2d0_0 .net "axi_lite_awready", 0 0, v0000019d68549be0_0;  1 drivers
v0000019d6854c370_0 .var "axi_lite_awvalid", 0 0;
v0000019d6854c190_0 .var "axi_lite_bready", 0 0;
v0000019d6854bdd0_0 .net "axi_lite_bresp", 1 0, L_0000019d685ab7e0;  1 drivers
v0000019d6854b1f0_0 .net "axi_lite_bvalid", 0 0, v0000019d6854a680_0;  1 drivers
v0000019d6854b6f0_0 .net "axi_lite_rdata", 31 0, v0000019d6854a5e0_0;  1 drivers
v0000019d6854c5f0_0 .var "axi_lite_rready", 0 0;
v0000019d6854bb50_0 .net "axi_lite_rvalid", 0 0, v0000019d68549f00_0;  1 drivers
v0000019d6854bbf0_0 .var "axi_lite_wdata", 31 0;
v0000019d6854b8d0_0 .net "axi_lite_wready", 0 0, v0000019d68549fa0_0;  1 drivers
v0000019d6854bc90_0 .var "axi_lite_wvalid", 0 0;
v0000019d6854b290_0 .var "clk", 0 0;
v0000019d6854c730_0 .net "iic_scl", 0 0, L_0000019d68092ff0;  1 drivers
RS_0000019d6811b6a8 .resolv tri, L_0000019d6854b150, L_0000019d6854b3d0;
v0000019d6854b010_0 .net8 "iic_sda", 0 0, RS_0000019d6811b6a8;  2 drivers
v0000019d6854c050_0 .var "rstn", 0 0;
E_0000019d68109740 .event "axi_init";
L_0000019d685ab7e0 .part v0000019d68548e20_0, 0, 2;
S_0000019d680ba070 .scope module, "iic_master_inst" "iic_master" 2 43, 3 1 0, S_0000019d680b9ee0;
 .timescale -9 -12;
    .port_info 0 /INPUT 1 "resetn";
    .port_info 1 /INPUT 1 "clk";
    .port_info 2 /OUTPUT 1 "iic_scl";
    .port_info 3 /INOUT 1 "iic_sda";
    .port_info 4 /INPUT 32 "axi_lite_araddr";
    .port_info 5 /OUTPUT 1 "axi_lite_arready";
    .port_info 6 /INPUT 1 "axi_lite_arvalid";
    .port_info 7 /OUTPUT 32 "axi_lite_rdata";
    .port_info 8 /INPUT 1 "axi_lite_rready";
    .port_info 9 /OUTPUT 1 "axi_lite_rvalid";
    .port_info 10 /INPUT 32 "axi_lite_awaddr";
    .port_info 11 /OUTPUT 1 "axi_lite_awready";
    .port_info 12 /INPUT 1 "axi_lite_awvalid";
    .port_info 13 /INPUT 32 "axi_lite_wdata";
    .port_info 14 /OUTPUT 1 "axi_lite_wready";
    .port_info 15 /INPUT 1 "axi_lite_wvalid";
    .port_info 16 /OUTPUT 4 "axi_lite_bresp";
    .port_info 17 /INPUT 1 "axi_lite_bready";
    .port_info 18 /OUTPUT 1 "axi_lite_bvalid";
P_0000019d680cfcf0 .param/l "C_DIV_SELECT" 0 3 32, +C4<00000000000000000000000010000000>;
P_0000019d680cfd28 .param/l "STATE_IDEL" 0 3 92, C4<00000001>;
P_0000019d680cfd60 .param/l "STATE_READ" 0 3 93, C4<00000010>;
P_0000019d680cfd98 .param/l "STATE_READ_WRITE_DATA" 0 3 95, C4<00000011>;
P_0000019d680cfdd0 .param/l "STATE_RESET" 0 3 91, C4<00000000>;
P_0000019d680cfe08 .param/l "STATE_SEND_READ_DATA" 0 3 94, C4<00000000>;
P_0000019d680cfe40 .param/l "STATE_SEND_WRESP" 0 3 97, C4<00000000>;
P_0000019d680cfe78 .param/l "STATE_WRITE" 0 3 96, C4<00000100>;
RS_0000019d6811a058 .resolv trior, L_0000019d6854c410, L_0000019d6854ac50;
L_0000019d68092ff0 .functor BUFZ 1, RS_0000019d6811a058, C4<0>, C4<0>, C4<0>;
o0000019d6811b348 .functor BUFZ 1, C4<z>; HiZ drive
; Elide local net with no drivers, v0000019d685495a0_0 name=_ivl_2
o0000019d6811b378 .functor BUFZ 1, C4<z>; HiZ drive
; Elide local net with no drivers, v0000019d685491e0_0 name=_ivl_6
v0000019d68548920_0 .net "axi_lite_araddr", 31 0, v0000019d6854c690_0;  1 drivers
v0000019d685498c0_0 .var "axi_lite_arready", 0 0;
v0000019d68548d80_0 .net "axi_lite_arvalid", 0 0, v0000019d6854b470_0;  1 drivers
v0000019d68549960_0 .net "axi_lite_awaddr", 31 0, v0000019d6854b0b0_0;  1 drivers
v0000019d68549be0_0 .var "axi_lite_awready", 0 0;
v0000019d68549c80_0 .net "axi_lite_awvalid", 0 0, v0000019d6854c370_0;  1 drivers
v0000019d68549d20_0 .net "axi_lite_bready", 0 0, v0000019d6854c190_0;  1 drivers
v0000019d68548e20_0 .var "axi_lite_bresp", 3 0;
v0000019d6854a680_0 .var "axi_lite_bvalid", 0 0;
v0000019d6854a5e0_0 .var "axi_lite_rdata", 31 0;
v0000019d68549dc0_0 .net "axi_lite_rready", 0 0, v0000019d6854c5f0_0;  1 drivers
v0000019d68549f00_0 .var "axi_lite_rvalid", 0 0;
v0000019d6854a2c0_0 .net "axi_lite_wdata", 31 0, v0000019d6854bbf0_0;  1 drivers
v0000019d68549fa0_0 .var "axi_lite_wready", 0 0;
v0000019d6854a0e0_0 .net "axi_lite_wvalid", 0 0, v0000019d6854bc90_0;  1 drivers
v0000019d6854a400_0 .net "clk", 0 0, v0000019d6854b290_0;  1 drivers
v0000019d6854a4a0_0 .var "iic_dev_addr", 6 0;
RS_0000019d68119ff8 .resolv tri, v0000019d680fcaa0_0, v0000019d685461a0_0;
v0000019d6854a540_0 .net8 "iic_done_flag", 0 0, RS_0000019d68119ff8;  2 drivers
v0000019d68548880_0 .net "iic_read_data", 7 0, v0000019d680fbe20_0;  1 drivers
v0000019d68548ba0_0 .var "iic_recv_dv", 0 0;
v0000019d68549320_0 .net "iic_scl", 0 0, L_0000019d68092ff0;  alias, 1 drivers
v0000019d6854ad90_0 .net8 "iic_scl_w", 0 0, RS_0000019d6811a058;  2 drivers
v0000019d6854ba10_0 .net8 "iic_sda", 0 0, RS_0000019d6811b6a8;  alias, 2 drivers
v0000019d6854c0f0_0 .net "iic_sda_recv", 0 0, L_0000019d6854c230;  1 drivers
v0000019d6854ae30_0 .net "iic_sda_send", 0 0, L_0000019d6854a9d0;  1 drivers
v0000019d6854bab0_0 .var "iic_send_dv", 0 0;
v0000019d6854a930_0 .var "iic_word_addr", 7 0;
v0000019d6854b330_0 .var "iic_write_data", 7 0;
v0000019d6854aed0_0 .net "resetn", 0 0, v0000019d6854c050_0;  1 drivers
v0000019d6854b510_0 .var "state", 8 0;
v0000019d6854b970_0 .var "state_next", 8 0;
E_0000019d6810a740/0 .event anyedge, v0000019d6854b510_0, v0000019d68548d80_0, v0000019d68548920_0, v0000019d68549c80_0;
E_0000019d6810a740/1 .event anyedge, v0000019d68549960_0, v0000019d680fcaa0_0, v0000019d680fbe20_0, v0000019d6854a0e0_0;
E_0000019d6810a740/2 .event anyedge, v0000019d6854a2c0_0, v0000019d68549d20_0;
E_0000019d6810a740 .event/or E_0000019d6810a740/0, E_0000019d6810a740/1, E_0000019d6810a740/2;
E_0000019d6810a680/0 .event anyedge, v0000019d6854b510_0, v0000019d68548d80_0, v0000019d68549c80_0, v0000019d680fcaa0_0;
E_0000019d6810a680/1 .event anyedge, v0000019d68549dc0_0, v0000019d6854a0e0_0, v0000019d68549d20_0;
E_0000019d6810a680 .event/or E_0000019d6810a680/0, E_0000019d6810a680/1;
E_0000019d6810a4c0 .event posedge, v0000019d680fca00_0;
L_0000019d6854b150 .functor MUXZ 1, o0000019d6811b348, L_0000019d6854a9d0, v0000019d6854bab0_0, C4<>;
L_0000019d6854b3d0 .functor MUXZ 1, o0000019d6811b378, L_0000019d6854c230, v0000019d68548ba0_0, C4<>;
S_0000019d680cfec0 .scope module, "iic_master_recv_inst" "iic_master_recv" 3 74, 4 1 0, S_0000019d680ba070;
 .timescale -9 -12;
    .port_info 0 /INPUT 1 "I_clk";
    .port_info 1 /INPUT 1 "I_rst_n";
    .port_info 2 /INPUT 1 "I_iic_recv_en";
    .port_info 3 /INPUT 7 "I_dev_addr";
    .port_info 4 /INPUT 8 "I_word_addr";
    .port_info 5 /OUTPUT 8 "O_read_data";
    .port_info 6 /OUTPUT 1 "O_done_flag";
    .port_info 7 /OUTPUT 1 "O_scl";
    .port_info 8 /INOUT 1 "IO_sda";
P_0000019d680fe3d0 .param/l "C_DIV_SELECT" 0 4 17, +C4<00000000000000000000000010000000>;
P_0000019d680fe408 .param/l "C_DIV_SELECT0" 0 4 19, +C4<000000000000000000000000000011111>;
P_0000019d680fe440 .param/l "C_DIV_SELECT1" 0 4 20, +C4<000000000000000000000000000111111>;
P_0000019d680fe478 .param/l "C_DIV_SELECT2" 0 4 21, +C4<00000000000000000000000000001011111>;
P_0000019d680fe4b0 .param/l "C_DIV_SELECT3" 0 4 22, +C4<000000000000000000000000001000001>;
L_0000019d6854ed30 .functor BUFT 1, C4<1>, C4<0>, C4<0>, C4<0>;
L_0000019d680934c0 .functor XNOR 1, v0000019d680fd040_0, L_0000019d6854ed30, C4<0>, C4<0>;
v0000019d680fc960_0 .net "IO_sda", 0 0, L_0000019d6854a9d0;  alias, 1 drivers
v0000019d680fca00_0 .net "I_clk", 0 0, v0000019d6854b290_0;  alias, 1 drivers
v0000019d680fb9c0_0 .net "I_dev_addr", 6 0, v0000019d6854a4a0_0;  1 drivers
v0000019d680fd680_0 .net "I_iic_recv_en", 0 0, v0000019d68548ba0_0;  1 drivers
v0000019d680fc1e0_0 .net "I_rst_n", 0 0, v0000019d6854c050_0;  alias, 1 drivers
v0000019d680fbce0_0 .net "I_word_addr", 7 0, v0000019d6854a930_0;  1 drivers
v0000019d680fcaa0_0 .var "O_done_flag", 0 0;
v0000019d680fbe20_0 .var "O_read_data", 7 0;
v0000019d680fcf00_0 .net8 "O_scl", 0 0, RS_0000019d6811a058;  alias, 2 drivers
v0000019d680fbf60_0 .var "R_ack_flag", 0 0;
v0000019d680fc280_0 .var "R_bit_cnt", 3 0;
v0000019d680fc460_0 .var "R_jump_state", 3 0;
v0000019d680fcb40_0 .var "R_load_data", 7 0;
v0000019d680fcbe0_0 .var "R_read_data_reg", 7 0;
v0000019d680fcc80_0 .var "R_scl_cnt", 9 0;
v0000019d680fd180_0 .var "R_scl_en", 0 0;
v0000019d680fd040_0 .var "R_sda_mode", 0 0;
v0000019d680f0940_0 .var "R_sda_reg", 0 0;
v0000019d680f0800_0 .var "R_state", 3 0;
v0000019d680f08a0_0 .net "W_scl_high_mid", 0 0, L_0000019d685aaa20;  1 drivers
v0000019d680f0da0_0 .net "W_scl_low_mid", 0 0, L_0000019d685aa980;  1 drivers
v0000019d68546560_0 .net "W_scl_neg", 0 0, L_0000019d685ab560;  1 drivers
v0000019d68546b00_0 .net/2u *"_ivl_0", 0 0, L_0000019d6854ed30;  1 drivers
L_0000019d6854ed78 .functor BUFT 1, C4<00000000000000000000000>, C4<0>, C4<0>, C4<0>;
v0000019d68546600_0 .net *"_ivl_11", 22 0, L_0000019d6854ed78;  1 drivers
L_0000019d6854edc0 .functor BUFT 1, C4<000000000000000000000000000111111>, C4<0>, C4<0>, C4<0>;
v0000019d685466a0_0 .net/2u *"_ivl_12", 32 0, L_0000019d6854edc0;  1 drivers
v0000019d68546d80_0 .net *"_ivl_14", 0 0, L_0000019d6854abb0;  1 drivers
L_0000019d6854ee08 .functor BUFT 1, C4<1>, C4<0>, C4<0>, C4<0>;
v0000019d68546740_0 .net/2u *"_ivl_16", 0 0, L_0000019d6854ee08;  1 drivers
L_0000019d6854ee50 .functor BUFT 1, C4<0>, C4<0>, C4<0>, C4<0>;
v0000019d685476e0_0 .net/2u *"_ivl_18", 0 0, L_0000019d6854ee50;  1 drivers
v0000019d68547c80_0 .net *"_ivl_2", 0 0, L_0000019d680934c0;  1 drivers
v0000019d685473c0_0 .net *"_ivl_22", 34 0, L_0000019d6854acf0;  1 drivers
L_0000019d6854ee98 .functor BUFT 1, C4<0000000000000000000000000>, C4<0>, C4<0>, C4<0>;
v0000019d68546880_0 .net *"_ivl_25", 24 0, L_0000019d6854ee98;  1 drivers
L_0000019d6854eee0 .functor BUFT 1, C4<00000000000000000000000000001011111>, C4<0>, C4<0>, C4<0>;
v0000019d68547640_0 .net/2u *"_ivl_26", 34 0, L_0000019d6854eee0;  1 drivers
v0000019d68547be0_0 .net *"_ivl_28", 0 0, L_0000019d680fd0e0;  1 drivers
L_0000019d6854ef28 .functor BUFT 1, C4<1>, C4<0>, C4<0>, C4<0>;
v0000019d685467e0_0 .net/2u *"_ivl_30", 0 0, L_0000019d6854ef28;  1 drivers
L_0000019d6854ef70 .functor BUFT 1, C4<0>, C4<0>, C4<0>, C4<0>;
v0000019d68546060_0 .net/2u *"_ivl_32", 0 0, L_0000019d6854ef70;  1 drivers
v0000019d68546920_0 .net *"_ivl_36", 32 0, L_0000019d685ac280;  1 drivers
L_0000019d6854efb8 .functor BUFT 1, C4<00000000000000000000000>, C4<0>, C4<0>, C4<0>;
v0000019d68547aa0_0 .net *"_ivl_39", 22 0, L_0000019d6854efb8;  1 drivers
o0000019d6811a5c8 .functor BUFZ 1, C4<z>; HiZ drive
; Elide local net with no drivers, v0000019d68547960_0 name=_ivl_4
L_0000019d6854f000 .functor BUFT 1, C4<000000000000000000000000000011111>, C4<0>, C4<0>, C4<0>;
v0000019d68546380_0 .net/2u *"_ivl_40", 32 0, L_0000019d6854f000;  1 drivers
v0000019d68547a00_0 .net *"_ivl_42", 0 0, L_0000019d685aa8e0;  1 drivers
L_0000019d6854f048 .functor BUFT 1, C4<1>, C4<0>, C4<0>, C4<0>;
v0000019d685475a0_0 .net/2u *"_ivl_44", 0 0, L_0000019d6854f048;  1 drivers
L_0000019d6854f090 .functor BUFT 1, C4<0>, C4<0>, C4<0>, C4<0>;
v0000019d68546a60_0 .net/2u *"_ivl_46", 0 0, L_0000019d6854f090;  1 drivers
v0000019d68546f60_0 .net *"_ivl_50", 32 0, L_0000019d685aac00;  1 drivers
L_0000019d6854f0d8 .functor BUFT 1, C4<00000000000000000000000>, C4<0>, C4<0>, C4<0>;
v0000019d68547e60_0 .net *"_ivl_53", 22 0, L_0000019d6854f0d8;  1 drivers
L_0000019d6854f120 .functor BUFT 1, C4<000000000000000000000000001000001>, C4<0>, C4<0>, C4<0>;
v0000019d68547d20_0 .net/2u *"_ivl_54", 32 0, L_0000019d6854f120;  1 drivers
v0000019d68547b40_0 .net *"_ivl_56", 0 0, L_0000019d685ab100;  1 drivers
L_0000019d6854f168 .functor BUFT 1, C4<1>, C4<0>, C4<0>, C4<0>;
v0000019d68546420_0 .net/2u *"_ivl_58", 0 0, L_0000019d6854f168;  1 drivers
L_0000019d6854f1b0 .functor BUFT 1, C4<0>, C4<0>, C4<0>, C4<0>;
v0000019d68546ba0_0 .net/2u *"_ivl_60", 0 0, L_0000019d6854f1b0;  1 drivers
v0000019d685478c0_0 .net *"_ivl_8", 32 0, L_0000019d6854aa70;  1 drivers
E_0000019d6810a800/0 .event negedge, v0000019d680fc1e0_0;
E_0000019d6810a800/1 .event posedge, v0000019d680fca00_0;
E_0000019d6810a800 .event/or E_0000019d6810a800/0, E_0000019d6810a800/1;
L_0000019d6854a9d0 .functor MUXZ 1, o0000019d6811a5c8, v0000019d680f0940_0, L_0000019d680934c0, C4<>;
L_0000019d6854aa70 .concat [ 10 23 0 0], v0000019d680fcc80_0, L_0000019d6854ed78;
L_0000019d6854abb0 .cmp/ge 33, L_0000019d6854edc0, L_0000019d6854aa70;
L_0000019d6854ac50 .functor MUXZ 1, L_0000019d6854ee50, L_0000019d6854ee08, L_0000019d6854abb0, C4<>;
L_0000019d6854acf0 .concat [ 10 25 0 0], v0000019d680fcc80_0, L_0000019d6854ee98;
L_0000019d680fd0e0 .cmp/eq 35, L_0000019d6854acf0, L_0000019d6854eee0;
L_0000019d685aa980 .functor MUXZ 1, L_0000019d6854ef70, L_0000019d6854ef28, L_0000019d680fd0e0, C4<>;
L_0000019d685ac280 .concat [ 10 23 0 0], v0000019d680fcc80_0, L_0000019d6854efb8;
L_0000019d685aa8e0 .cmp/eq 33, L_0000019d685ac280, L_0000019d6854f000;
L_0000019d685aaa20 .functor MUXZ 1, L_0000019d6854f090, L_0000019d6854f048, L_0000019d685aa8e0, C4<>;
L_0000019d685aac00 .concat [ 10 23 0 0], v0000019d680fcc80_0, L_0000019d6854f0d8;
L_0000019d685ab100 .cmp/eq 33, L_0000019d685aac00, L_0000019d6854f120;
L_0000019d685ab560 .functor MUXZ 1, L_0000019d6854f1b0, L_0000019d6854f168, L_0000019d685ab100, C4<>;
S_0000019d681d66d0 .scope module, "iic_master_send_inst" "iic_master_send" 3 55, 5 1 0, S_0000019d680ba070;
 .timescale -9 -12;
    .port_info 0 /INPUT 1 "I_clk";
    .port_info 1 /INPUT 1 "I_rst_n";
    .port_info 2 /INPUT 1 "I_iic_send_en";
    .port_info 3 /INPUT 7 "I_dev_addr";
    .port_info 4 /INPUT 8 "I_word_addr";
    .port_info 5 /INPUT 8 "I_write_data";
    .port_info 6 /OUTPUT 1 "O_done_flag";
    .port_info 7 /OUTPUT 1 "O_scl";
    .port_info 8 /INOUT 1 "IO_sda";
P_0000019d680ff4b0 .param/l "C_DIV_SELECT" 0 5 17, +C4<00000000000000000000000010000000>;
P_0000019d680ff4e8 .param/l "C_DIV_SELECT0" 0 5 19, +C4<000000000000000000000000000011111>;
P_0000019d680ff520 .param/l "C_DIV_SELECT1" 0 5 20, +C4<000000000000000000000000000111111>;
P_0000019d680ff558 .param/l "C_DIV_SELECT2" 0 5 21, +C4<00000000000000000000000000001011111>;
P_0000019d680ff590 .param/l "C_DIV_SELECT3" 0 5 22, +C4<000000000000000000000000001000001>;
L_0000019d6854e868 .functor BUFT 1, C4<1>, C4<0>, C4<0>, C4<0>;
L_0000019d68092f10 .functor XNOR 1, v0000019d685471e0_0, L_0000019d6854e868, C4<0>, C4<0>;
v0000019d68547dc0_0 .net "IO_sda", 0 0, L_0000019d6854c230;  alias, 1 drivers
v0000019d68547f00_0 .net "I_clk", 0 0, v0000019d6854b290_0;  alias, 1 drivers
v0000019d68546100_0 .net "I_dev_addr", 6 0, v0000019d6854a4a0_0;  alias, 1 drivers
v0000019d68546e20_0 .net "I_iic_send_en", 0 0, v0000019d6854bab0_0;  1 drivers
v0000019d685469c0_0 .net "I_rst_n", 0 0, v0000019d6854c050_0;  alias, 1 drivers
v0000019d68546c40_0 .net "I_word_addr", 7 0, v0000019d6854a930_0;  alias, 1 drivers
v0000019d68547320_0 .net "I_write_data", 7 0, v0000019d6854b330_0;  1 drivers
v0000019d685461a0_0 .var "O_done_flag", 0 0;
v0000019d68546ec0_0 .net8 "O_scl", 0 0, RS_0000019d6811a058;  alias, 2 drivers
v0000019d68547000_0 .var "R_ack_flag", 0 0;
v0000019d68546240_0 .var "R_bit_cnt", 3 0;
v0000019d685462e0_0 .var "R_jump_state", 3 0;
v0000019d685464c0_0 .var "R_load_data", 7 0;
v0000019d685470a0_0 .var "R_scl_cnt", 9 0;
v0000019d68547140_0 .var "R_scl_en", 0 0;
v0000019d685471e0_0 .var "R_sda_mode", 0 0;
v0000019d68547280_0 .var "R_sda_reg", 0 0;
v0000019d68547780_0 .var "R_state", 3 0;
v0000019d68547820_0 .net "W_scl_high_mid", 0 0, L_0000019d6854ab10;  1 drivers
v0000019d68547460_0 .net "W_scl_low_mid", 0 0, L_0000019d6854c550;  1 drivers
v0000019d68547500_0 .net "W_scl_neg", 0 0, L_0000019d6854a890;  1 drivers
v0000019d685496e0_0 .net/2u *"_ivl_0", 0 0, L_0000019d6854e868;  1 drivers
L_0000019d6854e8b0 .functor BUFT 1, C4<00000000000000000000000>, C4<0>, C4<0>, C4<0>;
v0000019d68548c40_0 .net *"_ivl_11", 22 0, L_0000019d6854e8b0;  1 drivers
L_0000019d6854e8f8 .functor BUFT 1, C4<000000000000000000000000000111111>, C4<0>, C4<0>, C4<0>;
v0000019d6854a720_0 .net/2u *"_ivl_12", 32 0, L_0000019d6854e8f8;  1 drivers
v0000019d68549640_0 .net *"_ivl_14", 0 0, L_0000019d6854b5b0;  1 drivers
L_0000019d6854e940 .functor BUFT 1, C4<1>, C4<0>, C4<0>, C4<0>;
v0000019d68548ce0_0 .net/2u *"_ivl_16", 0 0, L_0000019d6854e940;  1 drivers
L_0000019d6854e988 .functor BUFT 1, C4<0>, C4<0>, C4<0>, C4<0>;
v0000019d68549a00_0 .net/2u *"_ivl_18", 0 0, L_0000019d6854e988;  1 drivers
v0000019d68549460_0 .net *"_ivl_2", 0 0, L_0000019d68092f10;  1 drivers
v0000019d68548ec0_0 .net *"_ivl_22", 34 0, L_0000019d6854b650;  1 drivers
L_0000019d6854e9d0 .functor BUFT 1, C4<0000000000000000000000000>, C4<0>, C4<0>, C4<0>;
v0000019d68549500_0 .net *"_ivl_25", 24 0, L_0000019d6854e9d0;  1 drivers
L_0000019d6854ea18 .functor BUFT 1, C4<00000000000000000000000000001011111>, C4<0>, C4<0>, C4<0>;
v0000019d68549780_0 .net/2u *"_ivl_26", 34 0, L_0000019d6854ea18;  1 drivers
v0000019d68549e60_0 .net *"_ivl_28", 0 0, L_0000019d6854c4b0;  1 drivers
L_0000019d6854ea60 .functor BUFT 1, C4<1>, C4<0>, C4<0>, C4<0>;
v0000019d68549aa0_0 .net/2u *"_ivl_30", 0 0, L_0000019d6854ea60;  1 drivers
L_0000019d6854eaa8 .functor BUFT 1, C4<0>, C4<0>, C4<0>, C4<0>;
v0000019d6854a360_0 .net/2u *"_ivl_32", 0 0, L_0000019d6854eaa8;  1 drivers
v0000019d68548a60_0 .net *"_ivl_36", 32 0, L_0000019d6854b790;  1 drivers
L_0000019d6854eaf0 .functor BUFT 1, C4<00000000000000000000000>, C4<0>, C4<0>, C4<0>;
v0000019d68549820_0 .net *"_ivl_39", 22 0, L_0000019d6854eaf0;  1 drivers
o0000019d6811af58 .functor BUFZ 1, C4<z>; HiZ drive
; Elide local net with no drivers, v0000019d685493c0_0 name=_ivl_4
L_0000019d6854eb38 .functor BUFT 1, C4<000000000000000000000000000011111>, C4<0>, C4<0>, C4<0>;
v0000019d68549280_0 .net/2u *"_ivl_40", 32 0, L_0000019d6854eb38;  1 drivers
v0000019d68549b40_0 .net *"_ivl_42", 0 0, L_0000019d6854b830;  1 drivers
L_0000019d6854eb80 .functor BUFT 1, C4<1>, C4<0>, C4<0>, C4<0>;
v0000019d68548f60_0 .net/2u *"_ivl_44", 0 0, L_0000019d6854eb80;  1 drivers
L_0000019d6854ebc8 .functor BUFT 1, C4<0>, C4<0>, C4<0>, C4<0>;
v0000019d6854a180_0 .net/2u *"_ivl_46", 0 0, L_0000019d6854ebc8;  1 drivers
v0000019d6854a040_0 .net *"_ivl_50", 32 0, L_0000019d6854bf10;  1 drivers
L_0000019d6854ec10 .functor BUFT 1, C4<00000000000000000000000>, C4<0>, C4<0>, C4<0>;
v0000019d685489c0_0 .net *"_ivl_53", 22 0, L_0000019d6854ec10;  1 drivers
L_0000019d6854ec58 .functor BUFT 1, C4<000000000000000000000000001000001>, C4<0>, C4<0>, C4<0>;
v0000019d68548b00_0 .net/2u *"_ivl_54", 32 0, L_0000019d6854ec58;  1 drivers
v0000019d6854a220_0 .net *"_ivl_56", 0 0, L_0000019d6854bfb0;  1 drivers
L_0000019d6854eca0 .functor BUFT 1, C4<1>, C4<0>, C4<0>, C4<0>;
v0000019d68549140_0 .net/2u *"_ivl_58", 0 0, L_0000019d6854eca0;  1 drivers
L_0000019d6854ece8 .functor BUFT 1, C4<0>, C4<0>, C4<0>, C4<0>;
v0000019d68549000_0 .net/2u *"_ivl_60", 0 0, L_0000019d6854ece8;  1 drivers
v0000019d685490a0_0 .net *"_ivl_8", 32 0, L_0000019d6854be70;  1 drivers
L_0000019d6854c230 .functor MUXZ 1, o0000019d6811af58, v0000019d68547280_0, L_0000019d68092f10, C4<>;
L_0000019d6854be70 .concat [ 10 23 0 0], v0000019d685470a0_0, L_0000019d6854e8b0;
L_0000019d6854b5b0 .cmp/ge 33, L_0000019d6854e8f8, L_0000019d6854be70;
L_0000019d6854c410 .functor MUXZ 1, L_0000019d6854e988, L_0000019d6854e940, L_0000019d6854b5b0, C4<>;
L_0000019d6854b650 .concat [ 10 25 0 0], v0000019d685470a0_0, L_0000019d6854e9d0;
L_0000019d6854c4b0 .cmp/eq 35, L_0000019d6854b650, L_0000019d6854ea18;
L_0000019d6854c550 .functor MUXZ 1, L_0000019d6854eaa8, L_0000019d6854ea60, L_0000019d6854c4b0, C4<>;
L_0000019d6854b790 .concat [ 10 23 0 0], v0000019d685470a0_0, L_0000019d6854eaf0;
L_0000019d6854b830 .cmp/eq 33, L_0000019d6854b790, L_0000019d6854eb38;
L_0000019d6854ab10 .functor MUXZ 1, L_0000019d6854ebc8, L_0000019d6854eb80, L_0000019d6854b830, C4<>;
L_0000019d6854bf10 .concat [ 10 23 0 0], v0000019d685470a0_0, L_0000019d6854ec10;
L_0000019d6854bfb0 .cmp/eq 33, L_0000019d6854bf10, L_0000019d6854ec58;
L_0000019d6854a890 .functor MUXZ 1, L_0000019d6854ece8, L_0000019d6854eca0, L_0000019d6854bfb0, C4<>;
    .scope S_0000019d681d66d0;
T_0 ;
    %wait E_0000019d6810a800;
    %load/vec4 v0000019d685469c0_0;
    %nor/r;
    %flag_set/vec4 8;
    %jmp/0xz  T_0.0, 8;
    %pushi/vec4 0, 0, 10;
    %assign/vec4 v0000019d685470a0_0, 0;
    %jmp T_0.1;
T_0.0 ;
    %load/vec4 v0000019d68547140_0;
    %flag_set/vec4 8;
    %jmp/0xz  T_0.2, 8;
    %load/vec4 v0000019d685470a0_0;
    %pad/u 32;
    %cmpi/e 127, 0, 32;
    %jmp/0xz  T_0.4, 4;
    %pushi/vec4 0, 0, 10;
    %assign/vec4 v0000019d685470a0_0, 0;
    %jmp T_0.5;
T_0.4 ;
    %load/vec4 v0000019d685470a0_0;
    %addi 1, 0, 10;
    %assign/vec4 v0000019d685470a0_0, 0;
T_0.5 ;
    %jmp T_0.3;
T_0.2 ;
    %pushi/vec4 0, 0, 10;
    %assign/vec4 v0000019d685470a0_0, 0;
T_0.3 ;
T_0.1 ;
    %jmp T_0;
    .thread T_0;
    .scope S_0000019d681d66d0;
T_1 ;
    %wait E_0000019d6810a800;
    %load/vec4 v0000019d685469c0_0;
    %nor/r;
    %flag_set/vec4 8;
    %jmp/0xz  T_1.0, 8;
    %pushi/vec4 0, 0, 4;
    %assign/vec4 v0000019d68547780_0, 0;
    %pushi/vec4 1, 0, 1;
    %assign/vec4 v0000019d685471e0_0, 0;
    %pushi/vec4 1, 0, 1;
    %assign/vec4 v0000019d68547280_0, 0;
    %pushi/vec4 0, 0, 4;
    %assign/vec4 v0000019d68546240_0, 0;
    %pushi/vec4 0, 0, 1;
    %assign/vec4 v0000019d685461a0_0, 0;
    %pushi/vec4 0, 0, 4;
    %assign/vec4 v0000019d685462e0_0, 0;
    %pushi/vec4 0, 0, 1;
    %assign/vec4 v0000019d68547000_0, 0;
    %jmp T_1.1;
T_1.0 ;
    %load/vec4 v0000019d68546e20_0;
    %flag_set/vec4 8;
    %jmp/0xz  T_1.2, 8;
    %load/vec4 v0000019d68547780_0;
    %dup/vec4;
    %pushi/vec4 0, 0, 4;
    %cmp/u;
    %jmp/1 T_1.4, 6;
    %dup/vec4;
    %pushi/vec4 1, 0, 4;
    %cmp/u;
    %jmp/1 T_1.5, 6;
    %dup/vec4;
    %pushi/vec4 2, 0, 4;
    %cmp/u;
    %jmp/1 T_1.6, 6;
    %dup/vec4;
    %pushi/vec4 3, 0, 4;
    %cmp/u;
    %jmp/1 T_1.7, 6;
    %dup/vec4;
    %pushi/vec4 4, 0, 4;
    %cmp/u;
    %jmp/1 T_1.8, 6;
    %dup/vec4;
    %pushi/vec4 5, 0, 4;
    %cmp/u;
    %jmp/1 T_1.9, 6;
    %dup/vec4;
    %pushi/vec4 6, 0, 4;
    %cmp/u;
    %jmp/1 T_1.10, 6;
    %dup/vec4;
    %pushi/vec4 7, 0, 4;
    %cmp/u;
    %jmp/1 T_1.11, 6;
    %dup/vec4;
    %pushi/vec4 8, 0, 4;
    %cmp/u;
    %jmp/1 T_1.12, 6;
    %dup/vec4;
    %pushi/vec4 9, 0, 4;
    %cmp/u;
    %jmp/1 T_1.13, 6;
    %pushi/vec4 0, 0, 4;
    %assign/vec4 v0000019d68547780_0, 0;
    %jmp T_1.15;
T_1.4 ;
    %pushi/vec4 1, 0, 1;
    %assign/vec4 v0000019d685471e0_0, 0;
    %pushi/vec4 1, 0, 1;
    %assign/vec4 v0000019d68547280_0, 0;
    %pushi/vec4 0, 0, 1;
    %assign/vec4 v0000019d68547140_0, 0;
    %pushi/vec4 1, 0, 4;
    %assign/vec4 v0000019d68547780_0, 0;
    %pushi/vec4 0, 0, 4;
    %assign/vec4 v0000019d68546240_0, 0;
    %pushi/vec4 0, 0, 1;
    %assign/vec4 v0000019d685461a0_0, 0;
    %pushi/vec4 0, 0, 4;
    %assign/vec4 v0000019d685462e0_0, 0;
    %jmp T_1.15;
T_1.5 ;
    %load/vec4 v0000019d68546100_0;
    %concati/vec4 0, 0, 1;
    %assign/vec4 v0000019d685464c0_0, 0;
    %pushi/vec4 4, 0, 4;
    %assign/vec4 v0000019d68547780_0, 0;
    %pushi/vec4 2, 0, 4;
    %assign/vec4 v0000019d685462e0_0, 0;
    %jmp T_1.15;
T_1.6 ;
    %load/vec4 v0000019d68546c40_0;
    %assign/vec4 v0000019d685464c0_0, 0;
    %pushi/vec4 5, 0, 4;
    %assign/vec4 v0000019d68547780_0, 0;
    %pushi/vec4 3, 0, 4;
    %assign/vec4 v0000019d685462e0_0, 0;
    %jmp T_1.15;
T_1.7 ;
    %load/vec4 v0000019d68547320_0;
    %assign/vec4 v0000019d685464c0_0, 0;
    %pushi/vec4 5, 0, 4;
    %assign/vec4 v0000019d68547780_0, 0;
    %pushi/vec4 8, 0, 4;
    %assign/vec4 v0000019d685462e0_0, 0;
    %jmp T_1.15;
T_1.8 ;
    %pushi/vec4 1, 0, 1;
    %assign/vec4 v0000019d68547140_0, 0;
    %pushi/vec4 1, 0, 1;
    %assign/vec4 v0000019d685471e0_0, 0;
    %load/vec4 v0000019d68547820_0;
    %flag_set/vec4 8;
    %jmp/0xz  T_1.16, 8;
    %pushi/vec4 0, 0, 1;
    %assign/vec4 v0000019d68547280_0, 0;
    %pushi/vec4 5, 0, 4;
    %assign/vec4 v0000019d68547780_0, 0;
    %jmp T_1.17;
T_1.16 ;
    %pushi/vec4 4, 0, 4;
    %assign/vec4 v0000019d68547780_0, 0;
T_1.17 ;
    %jmp T_1.15;
T_1.9 ;
    %pushi/vec4 1, 0, 1;
    %assign/vec4 v0000019d68547140_0, 0;
    %pushi/vec4 1, 0, 1;
    %assign/vec4 v0000019d685471e0_0, 0;
    %load/vec4 v0000019d68547460_0;
    %flag_set/vec4 8;
    %jmp/0xz  T_1.18, 8;
    %load/vec4 v0000019d68546240_0;
    %cmpi/e 8, 0, 4;
    %jmp/0xz  T_1.20, 4;
    %pushi/vec4 0, 0, 4;
    %assign/vec4 v0000019d68546240_0, 0;
    %pushi/vec4 6, 0, 4;
    %assign/vec4 v0000019d68547780_0, 0;
    %jmp T_1.21;
T_1.20 ;
    %load/vec4 v0000019d685464c0_0;
    %pushi/vec4 7, 0, 32;
    %load/vec4 v0000019d68546240_0;
    %pad/u 32;
    %sub;
    %part/u 1;
    %assign/vec4 v0000019d68547280_0, 0;
    %load/vec4 v0000019d68546240_0;
    %addi 1, 0, 4;
    %assign/vec4 v0000019d68546240_0, 0;
T_1.21 ;
    %jmp T_1.19;
T_1.18 ;
    %pushi/vec4 5, 0, 4;
    %assign/vec4 v0000019d68547780_0, 0;
T_1.19 ;
    %jmp T_1.15;
T_1.10 ;
    %pushi/vec4 1, 0, 1;
    %assign/vec4 v0000019d68547140_0, 0;
    %pushi/vec4 0, 0, 1;
    %assign/vec4 v0000019d685471e0_0, 0;
    %load/vec4 v0000019d68547820_0;
    %flag_set/vec4 8;
    %jmp/0xz  T_1.22, 8;
    %load/vec4 v0000019d68547dc0_0;
    %assign/vec4 v0000019d68547000_0, 0;
    %pushi/vec4 7, 0, 4;
    %assign/vec4 v0000019d68547780_0, 0;
    %jmp T_1.23;
T_1.22 ;
    %pushi/vec4 6, 0, 4;
    %assign/vec4 v0000019d68547780_0, 0;
T_1.23 ;
    %jmp T_1.15;
T_1.11 ;
    %pushi/vec4 1, 0, 1;
    %assign/vec4 v0000019d68547140_0, 0;
    %load/vec4 v0000019d68547000_0;
    %cmpi/e 0, 0, 1;
    %jmp/0xz  T_1.24, 4;
    %load/vec4 v0000019d68547500_0;
    %cmpi/e 1, 0, 1;
    %jmp/0xz  T_1.26, 4;
    %load/vec4 v0000019d685462e0_0;
    %assign/vec4 v0000019d68547780_0, 0;
    %pushi/vec4 1, 0, 1;
    %assign/vec4 v0000019d685471e0_0, 0;
    %pushi/vec4 0, 0, 1;
    %assign/vec4 v0000019d68547280_0, 0;
    %jmp T_1.27;
T_1.26 ;
    %pushi/vec4 7, 0, 4;
    %assign/vec4 v0000019d68547780_0, 0;
T_1.27 ;
    %jmp T_1.25;
T_1.24 ;
    %pushi/vec4 0, 0, 4;
    %assign/vec4 v0000019d68547780_0, 0;
T_1.25 ;
    %jmp T_1.15;
T_1.12 ;
    %pushi/vec4 1, 0, 1;
    %assign/vec4 v0000019d68547140_0, 0;
    %pushi/vec4 1, 0, 1;
    %assign/vec4 v0000019d685471e0_0, 0;
    %load/vec4 v0000019d68547820_0;
    %flag_set/vec4 8;
    %jmp/0xz  T_1.28, 8;
    %pushi/vec4 1, 0, 1;
    %assign/vec4 v0000019d68547280_0, 0;
    %pushi/vec4 9, 0, 4;
    %assign/vec4 v0000019d68547780_0, 0;
T_1.28 ;
    %jmp T_1.15;
T_1.13 ;
    %pushi/vec4 0, 0, 1;
    %assign/vec4 v0000019d68547140_0, 0;
    %pushi/vec4 1, 0, 1;
    %assign/vec4 v0000019d685471e0_0, 0;
    %pushi/vec4 1, 0, 1;
    %assign/vec4 v0000019d68547280_0, 0;
    %pushi/vec4 1, 0, 1;
    %assign/vec4 v0000019d685461a0_0, 0;
    %pushi/vec4 0, 0, 4;
    %assign/vec4 v0000019d68547780_0, 0;
    %pushi/vec4 0, 0, 1;
    %assign/vec4 v0000019d68547000_0, 0;
    %jmp T_1.15;
T_1.15 ;
    %pop/vec4 1;
    %jmp T_1.3;
T_1.2 ;
    %pushi/vec4 0, 0, 4;
    %assign/vec4 v0000019d68547780_0, 0;
    %pushi/vec4 1, 0, 1;
    %assign/vec4 v0000019d685471e0_0, 0;
    %pushi/vec4 1, 0, 1;
    %assign/vec4 v0000019d68547280_0, 0;
    %pushi/vec4 0, 0, 4;
    %assign/vec4 v0000019d68546240_0, 0;
    %pushi/vec4 0, 0, 1;
    %assign/vec4 v0000019d685461a0_0, 0;
    %pushi/vec4 0, 0, 4;
    %assign/vec4 v0000019d685462e0_0, 0;
    %pushi/vec4 0, 0, 1;
    %assign/vec4 v0000019d68547000_0, 0;
T_1.3 ;
T_1.1 ;
    %jmp T_1;
    .thread T_1;
    .scope S_0000019d680cfec0;
T_2 ;
    %wait E_0000019d6810a800;
    %load/vec4 v0000019d680fc1e0_0;
    %nor/r;
    %flag_set/vec4 8;
    %jmp/0xz  T_2.0, 8;
    %pushi/vec4 0, 0, 10;
    %assign/vec4 v0000019d680fcc80_0, 0;
    %jmp T_2.1;
T_2.0 ;
    %load/vec4 v0000019d680fd180_0;
    %flag_set/vec4 8;
    %jmp/0xz  T_2.2, 8;
    %load/vec4 v0000019d680fcc80_0;
    %pad/u 32;
    %cmpi/e 127, 0, 32;
    %jmp/0xz  T_2.4, 4;
    %pushi/vec4 0, 0, 10;
    %assign/vec4 v0000019d680fcc80_0, 0;
    %jmp T_2.5;
T_2.4 ;
    %load/vec4 v0000019d680fcc80_0;
    %addi 1, 0, 10;
    %assign/vec4 v0000019d680fcc80_0, 0;
T_2.5 ;
    %jmp T_2.3;
T_2.2 ;
    %pushi/vec4 0, 0, 10;
    %assign/vec4 v0000019d680fcc80_0, 0;
T_2.3 ;
T_2.1 ;
    %jmp T_2;
    .thread T_2;
    .scope S_0000019d680cfec0;
T_3 ;
    %wait E_0000019d6810a800;
    %load/vec4 v0000019d680fc1e0_0;
    %nor/r;
    %flag_set/vec4 8;
    %jmp/0xz  T_3.0, 8;
    %pushi/vec4 0, 0, 4;
    %assign/vec4 v0000019d680f0800_0, 0;
    %pushi/vec4 1, 0, 1;
    %assign/vec4 v0000019d680fd040_0, 0;
    %pushi/vec4 1, 0, 1;
    %assign/vec4 v0000019d680f0940_0, 0;
    %pushi/vec4 0, 0, 4;
    %assign/vec4 v0000019d680fc280_0, 0;
    %pushi/vec4 0, 0, 1;
    %assign/vec4 v0000019d680fcaa0_0, 0;
    %pushi/vec4 0, 0, 4;
    %assign/vec4 v0000019d680fc460_0, 0;
    %pushi/vec4 0, 0, 8;
    %assign/vec4 v0000019d680fcbe0_0, 0;
    %pushi/vec4 0, 0, 1;
    %assign/vec4 v0000019d680fbf60_0, 0;
    %pushi/vec4 0, 0, 8;
    %assign/vec4 v0000019d680fbe20_0, 0;
    %jmp T_3.1;
T_3.0 ;
    %load/vec4 v0000019d680fd680_0;
    %flag_set/vec4 8;
    %jmp/0xz  T_3.2, 8;
    %load/vec4 v0000019d680f0800_0;
    %dup/vec4;
    %pushi/vec4 0, 0, 4;
    %cmp/u;
    %jmp/1 T_3.4, 6;
    %dup/vec4;
    %pushi/vec4 1, 0, 4;
    %cmp/u;
    %jmp/1 T_3.5, 6;
    %dup/vec4;
    %pushi/vec4 2, 0, 4;
    %cmp/u;
    %jmp/1 T_3.6, 6;
    %dup/vec4;
    %pushi/vec4 3, 0, 4;
    %cmp/u;
    %jmp/1 T_3.7, 6;
    %dup/vec4;
    %pushi/vec4 4, 0, 4;
    %cmp/u;
    %jmp/1 T_3.8, 6;
    %dup/vec4;
    %pushi/vec4 5, 0, 4;
    %cmp/u;
    %jmp/1 T_3.9, 6;
    %dup/vec4;
    %pushi/vec4 6, 0, 4;
    %cmp/u;
    %jmp/1 T_3.10, 6;
    %dup/vec4;
    %pushi/vec4 7, 0, 4;
    %cmp/u;
    %jmp/1 T_3.11, 6;
    %dup/vec4;
    %pushi/vec4 8, 0, 4;
    %cmp/u;
    %jmp/1 T_3.12, 6;
    %dup/vec4;
    %pushi/vec4 9, 0, 4;
    %cmp/u;
    %jmp/1 T_3.13, 6;
    %dup/vec4;
    %pushi/vec4 10, 0, 4;
    %cmp/u;
    %jmp/1 T_3.14, 6;
    %dup/vec4;
    %pushi/vec4 11, 0, 4;
    %cmp/u;
    %jmp/1 T_3.15, 6;
    %dup/vec4;
    %pushi/vec4 12, 0, 4;
    %cmp/u;
    %jmp/1 T_3.16, 6;
    %dup/vec4;
    %pushi/vec4 13, 0, 4;
    %cmp/u;
    %jmp/1 T_3.17, 6;
    %pushi/vec4 0, 0, 4;
    %assign/vec4 v0000019d680f0800_0, 0;
    %jmp T_3.19;
T_3.4 ;
    %pushi/vec4 1, 0, 1;
    %assign/vec4 v0000019d680fd040_0, 0;
    %pushi/vec4 1, 0, 1;
    %assign/vec4 v0000019d680f0940_0, 0;
    %pushi/vec4 0, 0, 1;
    %assign/vec4 v0000019d680fd180_0, 0;
    %pushi/vec4 1, 0, 4;
    %assign/vec4 v0000019d680f0800_0, 0;
    %pushi/vec4 0, 0, 4;
    %assign/vec4 v0000019d680fc280_0, 0;
    %pushi/vec4 0, 0, 1;
    %assign/vec4 v0000019d680fcaa0_0, 0;
    %pushi/vec4 0, 0, 4;
    %assign/vec4 v0000019d680fc460_0, 0;
    %pushi/vec4 0, 0, 8;
    %assign/vec4 v0000019d680fcbe0_0, 0;
    %jmp T_3.19;
T_3.5 ;
    %load/vec4 v0000019d680fb9c0_0;
    %concati/vec4 0, 0, 1;
    %assign/vec4 v0000019d680fcb40_0, 0;
    %pushi/vec4 3, 0, 4;
    %assign/vec4 v0000019d680f0800_0, 0;
    %load/vec4 v0000019d680f0800_0;
    %addi 1, 0, 4;
    %assign/vec4 v0000019d680fc460_0, 0;
    %jmp T_3.19;
T_3.6 ;
    %load/vec4 v0000019d680fbce0_0;
    %assign/vec4 v0000019d680fcb40_0, 0;
    %pushi/vec4 4, 0, 4;
    %assign/vec4 v0000019d680f0800_0, 0;
    %load/vec4 v0000019d680f0800_0;
    %pad/u 5;
    %addi 5, 0, 5;
    %pad/u 4;
    %assign/vec4 v0000019d680fc460_0, 0;
    %jmp T_3.19;
T_3.7 ;
    %pushi/vec4 1, 0, 1;
    %assign/vec4 v0000019d680fd180_0, 0;
    %pushi/vec4 1, 0, 1;
    %assign/vec4 v0000019d680fd040_0, 0;
    %load/vec4 v0000019d680f08a0_0;
    %flag_set/vec4 8;
    %jmp/0xz  T_3.20, 8;
    %pushi/vec4 0, 0, 1;
    %assign/vec4 v0000019d680f0940_0, 0;
    %pushi/vec4 4, 0, 4;
    %assign/vec4 v0000019d680f0800_0, 0;
    %jmp T_3.21;
T_3.20 ;
    %pushi/vec4 3, 0, 4;
    %assign/vec4 v0000019d680f0800_0, 0;
T_3.21 ;
    %jmp T_3.19;
T_3.8 ;
    %pushi/vec4 1, 0, 1;
    %assign/vec4 v0000019d680fd180_0, 0;
    %pushi/vec4 1, 0, 1;
    %assign/vec4 v0000019d680fd040_0, 0;
    %load/vec4 v0000019d680f0da0_0;
    %flag_set/vec4 8;
    %jmp/0xz  T_3.22, 8;
    %load/vec4 v0000019d680fc280_0;
    %cmpi/e 8, 0, 4;
    %jmp/0xz  T_3.24, 4;
    %pushi/vec4 0, 0, 4;
    %assign/vec4 v0000019d680fc280_0, 0;
    %pushi/vec4 5, 0, 4;
    %assign/vec4 v0000019d680f0800_0, 0;
    %jmp T_3.25;
T_3.24 ;
    %load/vec4 v0000019d680fcb40_0;
    %pushi/vec4 7, 0, 32;
    %load/vec4 v0000019d680fc280_0;
    %pad/u 32;
    %sub;
    %part/u 1;
    %assign/vec4 v0000019d680f0940_0, 0;
    %load/vec4 v0000019d680fc280_0;
    %addi 1, 0, 4;
    %assign/vec4 v0000019d680fc280_0, 0;
T_3.25 ;
    %jmp T_3.23;
T_3.22 ;
    %pushi/vec4 4, 0, 4;
    %assign/vec4 v0000019d680f0800_0, 0;
T_3.23 ;
    %jmp T_3.19;
T_3.9 ;
    %pushi/vec4 1, 0, 1;
    %assign/vec4 v0000019d680fd180_0, 0;
    %pushi/vec4 0, 0, 1;
    %assign/vec4 v0000019d680f0940_0, 0;
    %pushi/vec4 0, 0, 1;
    %assign/vec4 v0000019d680fd040_0, 0;
    %load/vec4 v0000019d680f08a0_0;
    %flag_set/vec4 8;
    %jmp/0xz  T_3.26, 8;
    %load/vec4 v0000019d680fc960_0;
    %assign/vec4 v0000019d680fbf60_0, 0;
    %pushi/vec4 6, 0, 4;
    %assign/vec4 v0000019d680f0800_0, 0;
    %jmp T_3.27;
T_3.26 ;
    %pushi/vec4 5, 0, 4;
    %assign/vec4 v0000019d680f0800_0, 0;
T_3.27 ;
    %jmp T_3.19;
T_3.10 ;
    %pushi/vec4 1, 0, 1;
    %assign/vec4 v0000019d680fd180_0, 0;
    %load/vec4 v0000019d680fbf60_0;
    %cmpi/e 0, 0, 1;
    %jmp/0xz  T_3.28, 4;
    %load/vec4 v0000019d68546560_0;
    %cmpi/e 1, 0, 1;
    %jmp/0xz  T_3.30, 4;
    %load/vec4 v0000019d680fc460_0;
    %assign/vec4 v0000019d680f0800_0, 0;
    %pushi/vec4 1, 0, 1;
    %assign/vec4 v0000019d680fd040_0, 0;
    %pushi/vec4 1, 0, 1;
    %assign/vec4 v0000019d680f0940_0, 0;
    %jmp T_3.31;
T_3.30 ;
    %pushi/vec4 6, 0, 4;
    %assign/vec4 v0000019d680f0800_0, 0;
T_3.31 ;
    %jmp T_3.29;
T_3.28 ;
    %pushi/vec4 0, 0, 4;
    %assign/vec4 v0000019d680f0800_0, 0;
T_3.29 ;
    %jmp T_3.19;
T_3.11 ;
    %pushi/vec4 1, 0, 1;
    %assign/vec4 v0000019d680fd180_0, 0;
    %pushi/vec4 1, 0, 1;
    %assign/vec4 v0000019d680fd040_0, 0;
    %load/vec4 v0000019d680f08a0_0;
    %flag_set/vec4 8;
    %jmp/0xz  T_3.32, 8;
    %pushi/vec4 0, 0, 1;
    %assign/vec4 v0000019d680f0940_0, 0;
    %pushi/vec4 8, 0, 4;
    %assign/vec4 v0000019d680f0800_0, 0;
    %jmp T_3.33;
T_3.32 ;
    %pushi/vec4 7, 0, 4;
    %assign/vec4 v0000019d680f0800_0, 0;
T_3.33 ;
    %jmp T_3.19;
T_3.12 ;
    %load/vec4 v0000019d680fb9c0_0;
    %concati/vec4 1, 0, 1;
    %assign/vec4 v0000019d680fcb40_0, 0;
    %pushi/vec4 4, 0, 4;
    %assign/vec4 v0000019d680f0800_0, 0;
    %pushi/vec4 9, 0, 4;
    %assign/vec4 v0000019d680fc460_0, 0;
    %jmp T_3.19;
T_3.13 ;
    %pushi/vec4 1, 0, 1;
    %assign/vec4 v0000019d680fd180_0, 0;
    %pushi/vec4 0, 0, 1;
    %assign/vec4 v0000019d680fd040_0, 0;
    %load/vec4 v0000019d680f08a0_0;
    %flag_set/vec4 8;
    %jmp/0xz  T_3.34, 8;
    %load/vec4 v0000019d680fc280_0;
    %cmpi/e 7, 0, 4;
    %jmp/0xz  T_3.36, 4;
    %pushi/vec4 0, 0, 4;
    %assign/vec4 v0000019d680fc280_0, 0;
    %pushi/vec4 10, 0, 4;
    %assign/vec4 v0000019d680f0800_0, 0;
    %load/vec4 v0000019d680fcbe0_0;
    %parti/s 7, 0, 2;
    %load/vec4 v0000019d680fc960_0;
    %concat/vec4; draw_concat_vec4
    %assign/vec4 v0000019d680fbe20_0, 0;
    %jmp T_3.37;
T_3.36 ;
    %load/vec4 v0000019d680fcbe0_0;
    %parti/s 7, 0, 2;
    %load/vec4 v0000019d680fc960_0;
    %concat/vec4; draw_concat_vec4
    %assign/vec4 v0000019d680fcbe0_0, 0;
    %load/vec4 v0000019d680fc280_0;
    %addi 1, 0, 4;
    %assign/vec4 v0000019d680fc280_0, 0;
T_3.37 ;
    %jmp T_3.35;
T_3.34 ;
    %pushi/vec4 9, 0, 4;
    %assign/vec4 v0000019d680f0800_0, 0;
T_3.35 ;
    %jmp T_3.19;
T_3.14 ;
    %pushi/vec4 1, 0, 1;
    %assign/vec4 v0000019d680fd180_0, 0;
    %pushi/vec4 1, 0, 1;
    %assign/vec4 v0000019d680fd040_0, 0;
    %load/vec4 v0000019d680f0da0_0;
    %flag_set/vec4 8;
    %jmp/0xz  T_3.38, 8;
    %pushi/vec4 11, 0, 4;
    %assign/vec4 v0000019d680f0800_0, 0;
    %pushi/vec4 1, 0, 1;
    %assign/vec4 v0000019d680f0940_0, 0;
    %jmp T_3.39;
T_3.38 ;
    %pushi/vec4 10, 0, 4;
    %assign/vec4 v0000019d680f0800_0, 0;
T_3.39 ;
    %jmp T_3.19;
T_3.15 ;
    %pushi/vec4 1, 0, 1;
    %assign/vec4 v0000019d680fd180_0, 0;
    %pushi/vec4 1, 0, 1;
    %assign/vec4 v0000019d680fd040_0, 0;
    %load/vec4 v0000019d680f0da0_0;
    %flag_set/vec4 8;
    %jmp/0xz  T_3.40, 8;
    %pushi/vec4 12, 0, 4;
    %assign/vec4 v0000019d680f0800_0, 0;
    %pushi/vec4 0, 0, 1;
    %assign/vec4 v0000019d680f0940_0, 0;
    %jmp T_3.41;
T_3.40 ;
    %pushi/vec4 11, 0, 4;
    %assign/vec4 v0000019d680f0800_0, 0;
T_3.41 ;
    %jmp T_3.19;
T_3.16 ;
    %pushi/vec4 1, 0, 1;
    %assign/vec4 v0000019d680fd180_0, 0;
    %pushi/vec4 1, 0, 1;
    %assign/vec4 v0000019d680fd040_0, 0;
    %load/vec4 v0000019d680f08a0_0;
    %flag_set/vec4 8;
    %jmp/0xz  T_3.42, 8;
    %pushi/vec4 1, 0, 1;
    %assign/vec4 v0000019d680f0940_0, 0;
    %pushi/vec4 13, 0, 4;
    %assign/vec4 v0000019d680f0800_0, 0;
    %jmp T_3.43;
T_3.42 ;
    %pushi/vec4 12, 0, 4;
    %assign/vec4 v0000019d680f0800_0, 0;
T_3.43 ;
    %jmp T_3.19;
T_3.17 ;
    %pushi/vec4 0, 0, 1;
    %assign/vec4 v0000019d680fd180_0, 0;
    %pushi/vec4 1, 0, 1;
    %assign/vec4 v0000019d680fd040_0, 0;
    %pushi/vec4 1, 0, 1;
    %assign/vec4 v0000019d680f0940_0, 0;
    %pushi/vec4 1, 0, 1;
    %assign/vec4 v0000019d680fcaa0_0, 0;
    %pushi/vec4 0, 0, 4;
    %assign/vec4 v0000019d680f0800_0, 0;
    %pushi/vec4 0, 0, 8;
    %assign/vec4 v0000019d680fcbe0_0, 0;
    %jmp T_3.19;
T_3.19 ;
    %pop/vec4 1;
    %jmp T_3.3;
T_3.2 ;
    %pushi/vec4 0, 0, 4;
    %assign/vec4 v0000019d680f0800_0, 0;
    %pushi/vec4 1, 0, 1;
    %assign/vec4 v0000019d680fd040_0, 0;
    %pushi/vec4 1, 0, 1;
    %assign/vec4 v0000019d680f0940_0, 0;
    %pushi/vec4 0, 0, 4;
    %assign/vec4 v0000019d680fc280_0, 0;
    %pushi/vec4 0, 0, 1;
    %assign/vec4 v0000019d680fcaa0_0, 0;
    %pushi/vec4 0, 0, 4;
    %assign/vec4 v0000019d680fc460_0, 0;
    %pushi/vec4 0, 0, 8;
    %assign/vec4 v0000019d680fcbe0_0, 0;
    %pushi/vec4 0, 0, 1;
    %assign/vec4 v0000019d680fbf60_0, 0;
T_3.3 ;
T_3.1 ;
    %jmp T_3;
    .thread T_3;
    .scope S_0000019d680ba070;
T_4 ;
    %wait E_0000019d6810a4c0;
    %load/vec4 v0000019d6854aed0_0;
    %nor/r;
    %flag_set/vec4 8;
    %jmp/0xz  T_4.0, 8;
    %pushi/vec4 0, 0, 9;
    %assign/vec4 v0000019d6854b510_0, 0;
    %jmp T_4.1;
T_4.0 ;
    %load/vec4 v0000019d6854b970_0;
    %assign/vec4 v0000019d6854b510_0, 0;
T_4.1 ;
    %jmp T_4;
    .thread T_4;
    .scope S_0000019d680ba070;
T_5 ;
    %wait E_0000019d6810a680;
    %load/vec4 v0000019d6854b510_0;
    %dup/vec4;
    %pushi/vec4 0, 0, 9;
    %cmp/u;
    %jmp/1 T_5.0, 6;
    %dup/vec4;
    %pushi/vec4 1, 0, 9;
    %cmp/u;
    %jmp/1 T_5.1, 6;
    %dup/vec4;
    %pushi/vec4 2, 0, 9;
    %cmp/u;
    %jmp/1 T_5.2, 6;
    %dup/vec4;
    %pushi/vec4 0, 0, 9;
    %cmp/u;
    %jmp/1 T_5.3, 6;
    %dup/vec4;
    %pushi/vec4 3, 0, 9;
    %cmp/u;
    %jmp/1 T_5.4, 6;
    %dup/vec4;
    %pushi/vec4 4, 0, 9;
    %cmp/u;
    %jmp/1 T_5.5, 6;
    %dup/vec4;
    %pushi/vec4 0, 0, 9;
    %cmp/u;
    %jmp/1 T_5.6, 6;
    %pushi/vec4 0, 0, 9;
    %store/vec4 v0000019d6854b970_0, 0, 9;
    %jmp T_5.8;
T_5.0 ;
    %pushi/vec4 1, 0, 9;
    %store/vec4 v0000019d6854b970_0, 0, 9;
    %jmp T_5.8;
T_5.1 ;
    %load/vec4 v0000019d68548d80_0;
    %flag_set/vec4 8;
    %jmp/0xz  T_5.9, 8;
    %pushi/vec4 2, 0, 9;
    %store/vec4 v0000019d6854b970_0, 0, 9;
    %jmp T_5.10;
T_5.9 ;
    %load/vec4 v0000019d68549c80_0;
    %flag_set/vec4 8;
    %jmp/0xz  T_5.11, 8;
    %pushi/vec4 3, 0, 9;
    %store/vec4 v0000019d6854b970_0, 0, 9;
    %jmp T_5.12;
T_5.11 ;
    %pushi/vec4 1, 0, 9;
    %store/vec4 v0000019d6854b970_0, 0, 9;
T_5.12 ;
T_5.10 ;
    %jmp T_5.8;
T_5.2 ;
    %load/vec4 v0000019d6854a540_0;
    %flag_set/vec4 8;
    %jmp/0xz  T_5.13, 8;
    %pushi/vec4 0, 0, 9;
    %store/vec4 v0000019d6854b970_0, 0, 9;
    %jmp T_5.14;
T_5.13 ;
    %pushi/vec4 2, 0, 9;
    %store/vec4 v0000019d6854b970_0, 0, 9;
T_5.14 ;
    %jmp T_5.8;
T_5.3 ;
    %load/vec4 v0000019d68549dc0_0;
    %flag_set/vec4 8;
    %jmp/0xz  T_5.15, 8;
    %pushi/vec4 1, 0, 9;
    %store/vec4 v0000019d6854b970_0, 0, 9;
    %jmp T_5.16;
T_5.15 ;
    %pushi/vec4 0, 0, 9;
    %store/vec4 v0000019d6854b970_0, 0, 9;
T_5.16 ;
    %jmp T_5.8;
T_5.4 ;
    %load/vec4 v0000019d6854a0e0_0;
    %flag_set/vec4 8;
    %jmp/0xz  T_5.17, 8;
    %pushi/vec4 4, 0, 9;
    %store/vec4 v0000019d6854b970_0, 0, 9;
    %jmp T_5.18;
T_5.17 ;
    %pushi/vec4 3, 0, 9;
    %store/vec4 v0000019d6854b970_0, 0, 9;
T_5.18 ;
    %jmp T_5.8;
T_5.5 ;
    %load/vec4 v0000019d6854a540_0;
    %flag_set/vec4 8;
    %jmp/0xz  T_5.19, 8;
    %pushi/vec4 0, 0, 9;
    %store/vec4 v0000019d6854b970_0, 0, 9;
    %jmp T_5.20;
T_5.19 ;
    %pushi/vec4 4, 0, 9;
    %store/vec4 v0000019d6854b970_0, 0, 9;
T_5.20 ;
    %jmp T_5.8;
T_5.6 ;
    %load/vec4 v0000019d68549d20_0;
    %flag_set/vec4 8;
    %jmp/0xz  T_5.21, 8;
    %pushi/vec4 1, 0, 9;
    %store/vec4 v0000019d6854b970_0, 0, 9;
    %jmp T_5.22;
T_5.21 ;
    %pushi/vec4 0, 0, 9;
    %store/vec4 v0000019d6854b970_0, 0, 9;
T_5.22 ;
    %jmp T_5.8;
T_5.8 ;
    %pop/vec4 1;
    %jmp T_5;
    .thread T_5, $push;
    .scope S_0000019d680ba070;
T_6 ;
    %wait E_0000019d6810a740;
    %load/vec4 v0000019d6854b510_0;
    %dup/vec4;
    %pushi/vec4 0, 0, 9;
    %cmp/u;
    %jmp/1 T_6.0, 6;
    %dup/vec4;
    %pushi/vec4 1, 0, 9;
    %cmp/u;
    %jmp/1 T_6.1, 6;
    %dup/vec4;
    %pushi/vec4 2, 0, 9;
    %cmp/u;
    %jmp/1 T_6.2, 6;
    %dup/vec4;
    %pushi/vec4 0, 0, 9;
    %cmp/u;
    %jmp/1 T_6.3, 6;
    %dup/vec4;
    %pushi/vec4 3, 0, 9;
    %cmp/u;
    %jmp/1 T_6.4, 6;
    %dup/vec4;
    %pushi/vec4 4, 0, 9;
    %cmp/u;
    %jmp/1 T_6.5, 6;
    %dup/vec4;
    %pushi/vec4 0, 0, 9;
    %cmp/u;
    %jmp/1 T_6.6, 6;
    %pushi/vec4 0, 0, 1;
    %store/vec4 v0000019d685498c0_0, 0, 1;
    %pushi/vec4 0, 0, 32;
    %store/vec4 v0000019d6854a5e0_0, 0, 32;
    %pushi/vec4 0, 0, 1;
    %store/vec4 v0000019d68549f00_0, 0, 1;
    %pushi/vec4 0, 0, 1;
    %store/vec4 v0000019d68549be0_0, 0, 1;
    %pushi/vec4 0, 0, 1;
    %store/vec4 v0000019d68549fa0_0, 0, 1;
    %pushi/vec4 0, 0, 4;
    %store/vec4 v0000019d68548e20_0, 0, 4;
    %pushi/vec4 0, 0, 1;
    %store/vec4 v0000019d6854a680_0, 0, 1;
    %pushi/vec4 0, 0, 8;
    %store/vec4 v0000019d6854a930_0, 0, 8;
    %pushi/vec4 0, 0, 7;
    %store/vec4 v0000019d6854a4a0_0, 0, 7;
    %pushi/vec4 0, 0, 1;
    %store/vec4 v0000019d68548ba0_0, 0, 1;
    %pushi/vec4 0, 0, 1;
    %store/vec4 v0000019d6854bab0_0, 0, 1;
    %pushi/vec4 0, 0, 8;
    %store/vec4 v0000019d6854b330_0, 0, 8;
    %jmp T_6.8;
T_6.0 ;
    %pushi/vec4 0, 0, 1;
    %store/vec4 v0000019d685498c0_0, 0, 1;
    %pushi/vec4 0, 0, 32;
    %store/vec4 v0000019d6854a5e0_0, 0, 32;
    %pushi/vec4 0, 0, 1;
    %store/vec4 v0000019d68549f00_0, 0, 1;
    %pushi/vec4 0, 0, 1;
    %store/vec4 v0000019d68549be0_0, 0, 1;
    %pushi/vec4 0, 0, 1;
    %store/vec4 v0000019d68549fa0_0, 0, 1;
    %pushi/vec4 0, 0, 4;
    %store/vec4 v0000019d68548e20_0, 0, 4;
    %pushi/vec4 0, 0, 1;
    %store/vec4 v0000019d6854a680_0, 0, 1;
    %pushi/vec4 0, 0, 8;
    %store/vec4 v0000019d6854a930_0, 0, 8;
    %pushi/vec4 0, 0, 7;
    %store/vec4 v0000019d6854a4a0_0, 0, 7;
    %pushi/vec4 0, 0, 1;
    %store/vec4 v0000019d68548ba0_0, 0, 1;
    %pushi/vec4 0, 0, 1;
    %store/vec4 v0000019d6854bab0_0, 0, 1;
    %pushi/vec4 0, 0, 8;
    %store/vec4 v0000019d6854b330_0, 0, 8;
    %jmp T_6.8;
T_6.1 ;
    %pushi/vec4 1, 0, 1;
    %store/vec4 v0000019d685498c0_0, 0, 1;
    %pushi/vec4 0, 0, 32;
    %store/vec4 v0000019d6854a5e0_0, 0, 32;
    %pushi/vec4 0, 0, 1;
    %store/vec4 v0000019d68549f00_0, 0, 1;
    %pushi/vec4 1, 0, 1;
    %store/vec4 v0000019d68549be0_0, 0, 1;
    %pushi/vec4 0, 0, 1;
    %store/vec4 v0000019d68549fa0_0, 0, 1;
    %pushi/vec4 0, 0, 4;
    %store/vec4 v0000019d68548e20_0, 0, 4;
    %pushi/vec4 0, 0, 1;
    %store/vec4 v0000019d6854a680_0, 0, 1;
    %pushi/vec4 0, 0, 1;
    %store/vec4 v0000019d68548ba0_0, 0, 1;
    %pushi/vec4 0, 0, 1;
    %store/vec4 v0000019d6854bab0_0, 0, 1;
    %pushi/vec4 0, 0, 8;
    %store/vec4 v0000019d6854b330_0, 0, 8;
    %load/vec4 v0000019d68548d80_0;
    %flag_set/vec4 8;
    %jmp/0xz  T_6.9, 8;
    %load/vec4 v0000019d68548920_0;
    %parti/s 8, 0, 2;
    %store/vec4 v0000019d6854a930_0, 0, 8;
    %load/vec4 v0000019d68548920_0;
    %parti/s 7, 8, 5;
    %store/vec4 v0000019d6854a4a0_0, 0, 7;
    %jmp T_6.10;
T_6.9 ;
    %load/vec4 v0000019d68549c80_0;
    %flag_set/vec4 8;
    %jmp/0xz  T_6.11, 8;
    %load/vec4 v0000019d68549960_0;
    %parti/s 8, 0, 2;
    %store/vec4 v0000019d6854a930_0, 0, 8;
    %load/vec4 v0000019d68549960_0;
    %parti/s 7, 8, 5;
    %store/vec4 v0000019d6854a4a0_0, 0, 7;
    %jmp T_6.12;
T_6.11 ;
    %pushi/vec4 0, 0, 8;
    %store/vec4 v0000019d6854a930_0, 0, 8;
    %pushi/vec4 0, 0, 7;
    %store/vec4 v0000019d6854a4a0_0, 0, 7;
T_6.12 ;
T_6.10 ;
    %jmp T_6.8;
T_6.2 ;
    %pushi/vec4 0, 0, 1;
    %store/vec4 v0000019d685498c0_0, 0, 1;
    %pushi/vec4 0, 0, 1;
    %store/vec4 v0000019d68549be0_0, 0, 1;
    %load/vec4 v0000019d6854a540_0;
    %flag_set/vec4 8;
    %jmp/0xz  T_6.13, 8;
    %pushi/vec4 0, 0, 24;
    %load/vec4 v0000019d68548880_0;
    %concat/vec4; draw_concat_vec4
    %store/vec4 v0000019d6854a5e0_0, 0, 32;
    %pushi/vec4 0, 0, 1;
    %store/vec4 v0000019d68548ba0_0, 0, 1;
    %jmp T_6.14;
T_6.13 ;
    %pushi/vec4 0, 0, 32;
    %store/vec4 v0000019d6854a5e0_0, 0, 32;
    %pushi/vec4 1, 0, 1;
    %store/vec4 v0000019d68548ba0_0, 0, 1;
T_6.14 ;
    %jmp T_6.8;
T_6.3 ;
    %pushi/vec4 1, 0, 1;
    %store/vec4 v0000019d68549f00_0, 0, 1;
    %jmp T_6.8;
T_6.4 ;
    %pushi/vec4 1, 0, 1;
    %store/vec4 v0000019d68549fa0_0, 0, 1;
    %load/vec4 v0000019d6854a0e0_0;
    %flag_set/vec4 8;
    %jmp/0xz  T_6.15, 8;
    %load/vec4 v0000019d6854a2c0_0;
    %parti/s 8, 0, 2;
    %store/vec4 v0000019d6854b330_0, 0, 8;
    %jmp T_6.16;
T_6.15 ;
    %pushi/vec4 0, 0, 8;
    %store/vec4 v0000019d6854b330_0, 0, 8;
T_6.16 ;
    %jmp T_6.8;
T_6.5 ;
    %pushi/vec4 0, 0, 1;
    %store/vec4 v0000019d68549fa0_0, 0, 1;
    %jmp T_6.8;
T_6.6 ;
    %pushi/vec4 1, 0, 1;
    %store/vec4 v0000019d6854a680_0, 0, 1;
    %load/vec4 v0000019d68549d20_0;
    %flag_set/vec4 8;
    %jmp/0xz  T_6.17, 8;
    %pushi/vec4 1, 0, 4;
    %store/vec4 v0000019d68548e20_0, 0, 4;
    %jmp T_6.18;
T_6.17 ;
    %pushi/vec4 0, 0, 4;
    %store/vec4 v0000019d68548e20_0, 0, 4;
T_6.18 ;
    %jmp T_6.8;
T_6.8 ;
    %pop/vec4 1;
    %jmp T_6;
    .thread T_6, $push;
    .scope S_0000019d680b9ee0;
T_7 ;
    %pushi/vec4 0, 0, 1;
    %store/vec4 v0000019d6854b290_0, 0, 1;
    %pushi/vec4 0, 0, 1;
    %store/vec4 v0000019d6854c050_0, 0, 1;
    %end;
    .thread T_7;
    .scope S_0000019d680b9ee0;
T_8 ;
    %vpi_call 2 7 "$dumpfile", "test.vcd" {0 0 0};
    %vpi_call 2 8 "$dumpvars" {0 0 0};
    %end;
    .thread T_8;
    .scope S_0000019d680b9ee0;
T_9 ;
    %delay 1000, 0;
    %load/vec4 v0000019d6854b290_0;
    %inv;
    %store/vec4 v0000019d6854b290_0, 0, 1;
    %jmp T_9;
    .thread T_9;
    .scope S_0000019d680b9ee0;
T_10 ;
    %wait E_0000019d68109740;
    %pushi/vec4 0, 0, 32;
    %store/vec4 v0000019d6854c690_0, 0, 32;
    %pushi/vec4 0, 0, 1;
    %store/vec4 v0000019d6854b470_0, 0, 1;
    %pushi/vec4 0, 0, 1;
    %store/vec4 v0000019d6854c5f0_0, 0, 1;
    %pushi/vec4 0, 0, 32;
    %store/vec4 v0000019d6854b0b0_0, 0, 32;
    %pushi/vec4 0, 0, 1;
    %store/vec4 v0000019d6854c370_0, 0, 1;
    %pushi/vec4 0, 0, 32;
    %store/vec4 v0000019d6854bbf0_0, 0, 32;
    %pushi/vec4 0, 0, 1;
    %store/vec4 v0000019d6854bc90_0, 0, 1;
    %pushi/vec4 0, 0, 1;
    %store/vec4 v0000019d6854c190_0, 0, 1;
    %jmp T_10;
    .thread T_10;
    .scope S_0000019d680b9ee0;
T_11 ;
    %event E_0000019d68109740;
    %delay 50000, 0;
    %pushi/vec4 1, 0, 1;
    %store/vec4 v0000019d6854c050_0, 0, 1;
    %delay 5000000, 0;
    %pushi/vec4 1285, 0, 32;
    %store/vec4 v0000019d6854c690_0, 0, 32;
    %pushi/vec4 1, 0, 1;
    %store/vec4 v0000019d6854b470_0, 0, 1;
    %pushi/vec4 0, 0, 1;
    %store/vec4 v0000019d6854c5f0_0, 0, 1;
    %pushi/vec4 0, 0, 32;
    %store/vec4 v0000019d6854b0b0_0, 0, 32;
    %pushi/vec4 0, 0, 1;
    %store/vec4 v0000019d6854c370_0, 0, 1;
    %pushi/vec4 0, 0, 32;
    %store/vec4 v0000019d6854bbf0_0, 0, 32;
    %pushi/vec4 0, 0, 1;
    %store/vec4 v0000019d6854bc90_0, 0, 1;
    %pushi/vec4 0, 0, 1;
    %store/vec4 v0000019d6854c190_0, 0, 1;
    %delay 2000, 0;
    %event E_0000019d68109740;
    %delay 5000000, 0;
    %pushi/vec4 0, 0, 32;
    %store/vec4 v0000019d6854c690_0, 0, 32;
    %pushi/vec4 0, 0, 1;
    %store/vec4 v0000019d6854b470_0, 0, 1;
    %pushi/vec4 1, 0, 1;
    %store/vec4 v0000019d6854c5f0_0, 0, 1;
    %pushi/vec4 0, 0, 32;
    %store/vec4 v0000019d6854b0b0_0, 0, 32;
    %pushi/vec4 0, 0, 1;
    %store/vec4 v0000019d6854c370_0, 0, 1;
    %pushi/vec4 17, 0, 32;
    %store/vec4 v0000019d6854bbf0_0, 0, 32;
    %pushi/vec4 1, 0, 1;
    %store/vec4 v0000019d6854bc90_0, 0, 1;
    %pushi/vec4 0, 0, 1;
    %store/vec4 v0000019d6854c190_0, 0, 1;
    %delay 2000, 0;
    %event E_0000019d68109740;
    %delay 5000000, 0;
    %vpi_call 2 176 "$stop" {0 0 0};
    %end;
    .thread T_11;
# The file index is used to find the file name in the following table.
:file_names 6;
    "N/A";
    "<interactive>";
    "bench.v";
    "iic_master.v";
    "iic_master_recv.v";
    "iic_master_send.v";
