#! /usr/bin/vvp
:ivl_version "11.0 (stable)";
:ivl_delay_selection "TYPICAL";
:vpi_time_precision - 12;
:vpi_module "/usr/lib/x86_64-linux-gnu/ivl/system.vpi";
:vpi_module "/usr/lib/x86_64-linux-gnu/ivl/vhdl_sys.vpi";
:vpi_module "/usr/lib/x86_64-linux-gnu/ivl/vhdl_textio.vpi";
:vpi_module "/usr/lib/x86_64-linux-gnu/ivl/v2005_math.vpi";
:vpi_module "/usr/lib/x86_64-linux-gnu/ivl/va_math.vpi";
S_0x55588cf89170 .scope module, "bench" "bench" 2 3;
 .timescale -9 -12;
P_0x55588cf89300 .param/l "DELAY" 1 2 10, +C4<00000000000000000000000001100101>;
L_0x7fb97a6c3018 .functor BUFT 1, C4<00000000000000000000000000000010>, C4<0>, C4<0>, C4<0>;
v0x55588cfe6a50_0 .net/2u *"_ivl_0", 31 0, L_0x7fb97a6c3018;  1 drivers
L_0x7fb97a6c3060 .functor BUFT 1, C4<00000000000000000000000000000010>, C4<0>, C4<0>, C4<0>;
v0x55588cfe6b50_0 .net/2u *"_ivl_4", 31 0, L_0x7fb97a6c3060;  1 drivers
v0x55588cfe6c30_0 .var "bit_index", 4 0;
v0x55588cfe6cf0_0 .var "byte_buffer", 7 0;
v0x55588cfe6dd0_0 .var "clk", 0 0;
v0x55588cfe6ec0_0 .net "data", 7 0, L_0x55588cfbfc00;  1 drivers
v0x55588cfe6fd0_0 .var "period", 31 0;
v0x55588cfe70b0_0 .var "rst", 0 0;
v0x55588cfe71a0_0 .net "rx", 0 0, L_0x55588cf76c50;  1 drivers
v0x55588cfe7240_0 .net "sync", 0 0, L_0x55588cfbe360;  1 drivers
v0x55588cfe72e0_0 .var "tx", 0 0;
E_0x55588cf87990 .event "send_byte";
L_0x55588cff7390 .arith/div 32, v0x55588cfe6fd0_0, L_0x7fb97a6c3018;
L_0x55588cff7500 .arith/div 32, v0x55588cfe6fd0_0, L_0x7fb97a6c3060;
S_0x55588cf893a0 .scope module, "uart_rx_inst" "uart_rx" 2 36, 3 1 0, S_0x55588cf89170;
 .timescale -9 -12;
    .port_info 0 /INPUT 1 "rst";
    .port_info 1 /INPUT 1 "clk";
    .port_info 2 /INPUT 32 "period";
    .port_info 3 /INPUT 1 "rx";
    .port_info 4 /OUTPUT 1 "out_sync";
    .port_info 5 /OUTPUT 8 "out_data";
P_0x55588cf4cc40 .param/l "STATE_IDEL" 1 3 11, C4<0001>;
P_0x55588cf4cc80 .param/l "STATE_RECV" 1 3 13, C4<0011>;
P_0x55588cf4ccc0 .param/l "STATE_RESET" 1 3 10, C4<0000>;
P_0x55588cf4cd00 .param/l "STATE_SEND" 1 3 16, C4<0110>;
P_0x55588cf4cd40 .param/l "STATE_START" 1 3 12, C4<0010>;
P_0x55588cf4cd80 .param/l "STATE_STOP" 1 3 14, C4<0100>;
P_0x55588cf4cdc0 .param/l "STATE_SYNC" 1 3 15, C4<0101>;
L_0x55588cfbe360 .functor BUFZ 1, v0x55588cfe4c20_0, C4<0>, C4<0>, C4<0>;
L_0x55588cfbfc00 .functor BUFZ 8, v0x55588cfe48e0_0, C4<00000000>, C4<00000000>, C4<00000000>;
v0x55588cfbe4c0_0 .var "bit_h_num", 31 0;
v0x55588cfbfd60_0 .var "bit_h_num_next", 31 0;
v0x55588cf76d70_0 .var "bit_l_num", 31 0;
v0x55588cf780f0_0 .var "bit_l_num_next", 31 0;
v0x55588cf79990_0 .var "bit_level", 0 0;
v0x55588cf7e680_0 .net "clk", 0 0, v0x55588cfe6dd0_0;  1 drivers
v0x55588cfe4740_0 .net "out_data", 7 0, L_0x55588cfbfc00;  alias, 1 drivers
v0x55588cfe4820_0 .var "out_data_en", 0 0;
v0x55588cfe48e0_0 .var "out_data_r", 7 0;
v0x55588cfe49c0_0 .var "out_data_r_b", 7 0;
v0x55588cfe4aa0_0 .net "out_sync", 0 0, L_0x55588cfbe360;  alias, 1 drivers
v0x55588cfe4b60_0 .var "out_sync_en", 0 0;
v0x55588cfe4c20_0 .var "out_sync_r", 0 0;
v0x55588cfe4ce0_0 .net "period", 31 0, L_0x55588cff7390;  1 drivers
v0x55588cfe4dc0_0 .var "period_counter", 31 0;
v0x55588cfe4ea0_0 .var "period_counter_break", 0 0;
v0x55588cfe4f60_0 .var "period_counter_en", 0 0;
v0x55588cfe5020_0 .var "recv_bit_counter", 2 0;
v0x55588cfe5100_0 .var "recv_bit_counter_break", 0 0;
v0x55588cfe51c0_0 .var "recv_bit_counter_en", 0 0;
v0x55588cfe5280_0 .net "rst", 0 0, v0x55588cfe70b0_0;  1 drivers
v0x55588cfe5340_0 .net "rx", 0 0, v0x55588cfe72e0_0;  1 drivers
v0x55588cfe5400_0 .var "state", 3 0;
v0x55588cfe54e0_0 .var "state_next", 3 0;
E_0x55588cf84970/0 .event edge, v0x55588cfe5400_0, v0x55588cfe4ea0_0, v0x55588cf79990_0, v0x55588cfe5020_0;
E_0x55588cf84970/1 .event edge, v0x55588cfe49c0_0;
E_0x55588cf84970 .event/or E_0x55588cf84970/0, E_0x55588cf84970/1;
E_0x55588cf6ea30 .event negedge, v0x55588cf7e680_0;
E_0x55588cfc6460/0 .event edge, v0x55588cfe5400_0, v0x55588cfe4ea0_0, v0x55588cfbe4c0_0, v0x55588cf76d70_0;
E_0x55588cfc6460/1 .event edge, v0x55588cfe5340_0;
E_0x55588cfc6460 .event/or E_0x55588cfc6460/0, E_0x55588cfc6460/1;
E_0x55588cfc6590 .event posedge, v0x55588cf7e680_0;
E_0x55588cf767a0 .event edge, v0x55588cfe5400_0, v0x55588cfe5340_0, v0x55588cfe4ea0_0, v0x55588cfe5100_0;
S_0x55588cfe5680 .scope module, "uart_tx_inst" "uart_tx" 2 46, 4 1 0, S_0x55588cf89170;
 .timescale -9 -12;
    .port_info 0 /INPUT 1 "rst";
    .port_info 1 /INPUT 1 "clk";
    .port_info 2 /INPUT 32 "period";
    .port_info 3 /INPUT 1 "in_sync";
    .port_info 4 /INPUT 8 "in_data";
    .port_info 5 /OUTPUT 1 "tx";
P_0x55588cfe5830 .param/l "STATE_IDEL" 1 4 11, C4<0001>;
P_0x55588cfe5870 .param/l "STATE_RD" 1 4 12, C4<0010>;
P_0x55588cfe58b0 .param/l "STATE_RESET" 1 4 10, C4<0000>;
P_0x55588cfe58f0 .param/l "STATE_SEND" 1 4 14, C4<0100>;
P_0x55588cfe5930 .param/l "STATE_START" 1 4 13, C4<0011>;
P_0x55588cfe5970 .param/l "STATE_STOP" 1 4 15, C4<0101>;
L_0x55588cf76c50 .functor BUFZ 1, v0x55588cfe68d0_0, C4<0>, C4<0>, C4<0>;
v0x55588cfe5d60_0 .net "clk", 0 0, v0x55588cfe6dd0_0;  alias, 1 drivers
v0x55588cfe5e20_0 .net "in_data", 7 0, L_0x55588cfbfc00;  alias, 1 drivers
v0x55588cfe5ec0_0 .net "in_sync", 0 0, L_0x55588cfbe360;  alias, 1 drivers
v0x55588cfe5f60_0 .net "period", 31 0, L_0x55588cff7500;  1 drivers
v0x55588cfe6000_0 .var "period_counter", 31 0;
v0x55588cfe6110_0 .var "period_counter_break", 0 0;
v0x55588cfe61d0_0 .var "period_counter_en", 0 0;
v0x55588cfe6290_0 .net "rst", 0 0, v0x55588cfe70b0_0;  alias, 1 drivers
v0x55588cfe6330_0 .var "send_bit_counter", 2 0;
v0x55588cfe63f0_0 .var "send_bit_counter_break", 0 0;
v0x55588cfe64b0_0 .var "send_bit_counter_en", 0 0;
v0x55588cfe6570_0 .var "state", 3 0;
v0x55588cfe6650_0 .var "state_next", 3 0;
v0x55588cfe6730_0 .net "tx", 0 0, L_0x55588cf76c50;  alias, 1 drivers
v0x55588cfe67f0_0 .var "tx_data_r", 7 0;
v0x55588cfe68d0_0 .var "tx_r", 0 0;
E_0x55588cf84060 .event edge, v0x55588cfe6570_0, v0x55588cfe4740_0, v0x55588cfe6330_0, v0x55588cfe67f0_0;
E_0x55588cf84400 .event edge, v0x55588cfe6570_0, v0x55588cfe4aa0_0, v0x55588cfe6110_0, v0x55588cfe63f0_0;
    .scope S_0x55588cf893a0;
T_0 ;
    %wait E_0x55588cfc6590;
    %load/vec4 v0x55588cfe5280_0;
    %flag_set/vec4 8;
    %jmp/0xz  T_0.0, 8;
    %pushi/vec4 0, 0, 4;
    %assign/vec4 v0x55588cfe5400_0, 0;
    %jmp T_0.1;
T_0.0 ;
    %load/vec4 v0x55588cfe54e0_0;
    %assign/vec4 v0x55588cfe5400_0, 0;
T_0.1 ;
    %jmp T_0;
    .thread T_0;
    .scope S_0x55588cf893a0;
T_1 ;
    %wait E_0x55588cfc6590;
    %load/vec4 v0x55588cfe5280_0;
    %flag_set/vec4 8;
    %jmp/0xz  T_1.0, 8;
    %pushi/vec4 0, 0, 32;
    %assign/vec4 v0x55588cfe4dc0_0, 0;
    %pushi/vec4 0, 0, 1;
    %assign/vec4 v0x55588cfe4ea0_0, 0;
    %jmp T_1.1;
T_1.0 ;
    %load/vec4 v0x55588cfe4f60_0;
    %flag_set/vec4 8;
    %jmp/0xz  T_1.2, 8;
    %load/vec4 v0x55588cfe4dc0_0;
    %load/vec4 v0x55588cfe4ce0_0;
    %subi 1, 0, 32;
    %cmp/u;
    %jmp/0xz  T_1.4, 5;
    %load/vec4 v0x55588cfe4dc0_0;
    %addi 1, 0, 32;
    %assign/vec4 v0x55588cfe4dc0_0, 0;
    %pushi/vec4 0, 0, 1;
    %assign/vec4 v0x55588cfe4ea0_0, 0;
    %jmp T_1.5;
T_1.4 ;
    %pushi/vec4 0, 0, 32;
    %assign/vec4 v0x55588cfe4dc0_0, 0;
    %pushi/vec4 1, 0, 1;
    %assign/vec4 v0x55588cfe4ea0_0, 0;
T_1.5 ;
    %jmp T_1.3;
T_1.2 ;
    %pushi/vec4 0, 0, 32;
    %assign/vec4 v0x55588cfe4dc0_0, 0;
    %pushi/vec4 0, 0, 1;
    %assign/vec4 v0x55588cfe4ea0_0, 0;
T_1.3 ;
T_1.1 ;
    %jmp T_1;
    .thread T_1;
    .scope S_0x55588cf893a0;
T_2 ;
    %wait E_0x55588cfc6590;
    %load/vec4 v0x55588cfe5280_0;
    %flag_set/vec4 8;
    %jmp/0xz  T_2.0, 8;
    %pushi/vec4 0, 0, 3;
    %assign/vec4 v0x55588cfe5020_0, 0;
    %pushi/vec4 0, 0, 1;
    %assign/vec4 v0x55588cfe5100_0, 0;
    %jmp T_2.1;
T_2.0 ;
    %load/vec4 v0x55588cfe51c0_0;
    %load/vec4 v0x55588cfe5400_0;
    %pushi/vec4 3, 0, 4;
    %cmp/e;
    %flag_get/vec4 4;
    %and;
    %flag_set/vec4 8;
    %jmp/0xz  T_2.2, 8;
    %load/vec4 v0x55588cfe5020_0;
    %pad/u 32;
    %cmpi/u 7, 0, 32;
    %jmp/0xz  T_2.4, 5;
    %load/vec4 v0x55588cfe4ea0_0;
    %flag_set/vec4 8;
    %jmp/0xz  T_2.6, 8;
    %load/vec4 v0x55588cfe5020_0;
    %addi 1, 0, 3;
    %assign/vec4 v0x55588cfe5020_0, 0;
    %pushi/vec4 0, 0, 1;
    %assign/vec4 v0x55588cfe5100_0, 0;
    %jmp T_2.7;
T_2.6 ;
    %load/vec4 v0x55588cfe5020_0;
    %assign/vec4 v0x55588cfe5020_0, 0;
    %pushi/vec4 0, 0, 1;
    %assign/vec4 v0x55588cfe5100_0, 0;
T_2.7 ;
    %jmp T_2.5;
T_2.4 ;
    %load/vec4 v0x55588cfe4ea0_0;
    %flag_set/vec4 8;
    %jmp/0xz  T_2.8, 8;
    %pushi/vec4 0, 0, 3;
    %assign/vec4 v0x55588cfe5020_0, 0;
    %pushi/vec4 1, 0, 1;
    %assign/vec4 v0x55588cfe5100_0, 0;
    %jmp T_2.9;
T_2.8 ;
    %load/vec4 v0x55588cfe5020_0;
    %assign/vec4 v0x55588cfe5020_0, 0;
    %pushi/vec4 0, 0, 1;
    %assign/vec4 v0x55588cfe5100_0, 0;
T_2.9 ;
T_2.5 ;
    %jmp T_2.3;
T_2.2 ;
    %pushi/vec4 0, 0, 3;
    %assign/vec4 v0x55588cfe5020_0, 0;
    %pushi/vec4 0, 0, 1;
    %assign/vec4 v0x55588cfe5100_0, 0;
T_2.3 ;
T_2.1 ;
    %jmp T_2;
    .thread T_2;
    .scope S_0x55588cf893a0;
T_3 ;
    %wait E_0x55588cf767a0;
    %load/vec4 v0x55588cfe5400_0;
    %dup/vec4;
    %pushi/vec4 0, 0, 4;
    %cmp/u;
    %jmp/1 T_3.0, 6;
    %dup/vec4;
    %pushi/vec4 1, 0, 4;
    %cmp/u;
    %jmp/1 T_3.1, 6;
    %dup/vec4;
    %pushi/vec4 2, 0, 4;
    %cmp/u;
    %jmp/1 T_3.2, 6;
    %dup/vec4;
    %pushi/vec4 3, 0, 4;
    %cmp/u;
    %jmp/1 T_3.3, 6;
    %dup/vec4;
    %pushi/vec4 4, 0, 4;
    %cmp/u;
    %jmp/1 T_3.4, 6;
    %dup/vec4;
    %pushi/vec4 5, 0, 4;
    %cmp/u;
    %jmp/1 T_3.5, 6;
    %dup/vec4;
    %pushi/vec4 6, 0, 4;
    %cmp/u;
    %jmp/1 T_3.6, 6;
    %pushi/vec4 0, 0, 4;
    %store/vec4 v0x55588cfe54e0_0, 0, 4;
    %jmp T_3.8;
T_3.0 ;
    %pushi/vec4 0, 0, 1;
    %store/vec4 v0x55588cfe4f60_0, 0, 1;
    %pushi/vec4 0, 0, 1;
    %store/vec4 v0x55588cfe51c0_0, 0, 1;
    %pushi/vec4 1, 0, 4;
    %store/vec4 v0x55588cfe54e0_0, 0, 4;
    %jmp T_3.8;
T_3.1 ;
    %load/vec4 v0x55588cfe5340_0;
    %nor/r;
    %flag_set/vec4 8;
    %jmp/0xz  T_3.9, 8;
    %pushi/vec4 1, 0, 1;
    %store/vec4 v0x55588cfe4f60_0, 0, 1;
    %pushi/vec4 0, 0, 1;
    %store/vec4 v0x55588cfe51c0_0, 0, 1;
    %pushi/vec4 2, 0, 4;
    %store/vec4 v0x55588cfe54e0_0, 0, 4;
    %jmp T_3.10;
T_3.9 ;
    %pushi/vec4 0, 0, 1;
    %store/vec4 v0x55588cfe4f60_0, 0, 1;
    %pushi/vec4 0, 0, 1;
    %store/vec4 v0x55588cfe51c0_0, 0, 1;
    %pushi/vec4 1, 0, 4;
    %store/vec4 v0x55588cfe54e0_0, 0, 4;
T_3.10 ;
    %jmp T_3.8;
T_3.2 ;
    %load/vec4 v0x55588cfe4ea0_0;
    %flag_set/vec4 8;
    %jmp/0xz  T_3.11, 8;
    %pushi/vec4 1, 0, 1;
    %store/vec4 v0x55588cfe51c0_0, 0, 1;
    %pushi/vec4 3, 0, 4;
    %store/vec4 v0x55588cfe54e0_0, 0, 4;
    %jmp T_3.12;
T_3.11 ;
    %pushi/vec4 2, 0, 4;
    %store/vec4 v0x55588cfe54e0_0, 0, 4;
T_3.12 ;
    %jmp T_3.8;
T_3.3 ;
    %load/vec4 v0x55588cfe5100_0;
    %flag_set/vec4 8;
    %jmp/0xz  T_3.13, 8;
    %pushi/vec4 0, 0, 1;
    %store/vec4 v0x55588cfe51c0_0, 0, 1;
    %pushi/vec4 4, 0, 4;
    %store/vec4 v0x55588cfe54e0_0, 0, 4;
    %jmp T_3.14;
T_3.13 ;
    %pushi/vec4 3, 0, 4;
    %store/vec4 v0x55588cfe54e0_0, 0, 4;
T_3.14 ;
    %jmp T_3.8;
T_3.4 ;
    %load/vec4 v0x55588cfe4ea0_0;
    %flag_set/vec4 8;
    %jmp/0xz  T_3.15, 8;
    %pushi/vec4 0, 0, 1;
    %store/vec4 v0x55588cfe4f60_0, 0, 1;
    %pushi/vec4 5, 0, 4;
    %store/vec4 v0x55588cfe54e0_0, 0, 4;
    %jmp T_3.16;
T_3.15 ;
    %pushi/vec4 4, 0, 4;
    %store/vec4 v0x55588cfe54e0_0, 0, 4;
T_3.16 ;
    %jmp T_3.8;
T_3.5 ;
    %pushi/vec4 6, 0, 4;
    %store/vec4 v0x55588cfe54e0_0, 0, 4;
    %jmp T_3.8;
T_3.6 ;
    %pushi/vec4 1, 0, 4;
    %store/vec4 v0x55588cfe54e0_0, 0, 4;
    %jmp T_3.8;
T_3.8 ;
    %pop/vec4 1;
    %jmp T_3;
    .thread T_3, $push;
    .scope S_0x55588cf893a0;
T_4 ;
    %wait E_0x55588cfc6590;
    %load/vec4 v0x55588cfe5280_0;
    %flag_set/vec4 8;
    %jmp/0xz  T_4.0, 8;
    %pushi/vec4 0, 0, 32;
    %assign/vec4 v0x55588cfbe4c0_0, 0;
    %pushi/vec4 0, 0, 32;
    %assign/vec4 v0x55588cf76d70_0, 0;
    %jmp T_4.1;
T_4.0 ;
    %load/vec4 v0x55588cfbfd60_0;
    %assign/vec4 v0x55588cfbe4c0_0, 0;
    %load/vec4 v0x55588cf780f0_0;
    %assign/vec4 v0x55588cf76d70_0, 0;
T_4.1 ;
    %jmp T_4;
    .thread T_4;
    .scope S_0x55588cf893a0;
T_5 ;
    %wait E_0x55588cfc6460;
    %load/vec4 v0x55588cfe5400_0;
    %cmpi/e 3, 0, 4;
    %jmp/0xz  T_5.0, 4;
    %load/vec4 v0x55588cfe4ea0_0;
    %flag_set/vec4 8;
    %jmp/0xz  T_5.2, 8;
    %load/vec4 v0x55588cf76d70_0;
    %load/vec4 v0x55588cfbe4c0_0;
    %cmp/u;
    %flag_mov 8, 5;
    %jmp/0 T_5.4, 8;
    %pushi/vec4 1, 0, 2;
    %jmp/1 T_5.5, 8;
T_5.4 ; End of true expr.
    %pushi/vec4 0, 0, 2;
    %jmp/0 T_5.5, 8;
 ; End of false expr.
    %blend;
T_5.5;
    %pad/s 1;
    %store/vec4 v0x55588cf79990_0, 0, 1;
    %pushi/vec4 0, 0, 32;
    %store/vec4 v0x55588cfbfd60_0, 0, 32;
    %pushi/vec4 0, 0, 32;
    %store/vec4 v0x55588cf780f0_0, 0, 32;
    %jmp T_5.3;
T_5.2 ;
    %load/vec4 v0x55588cfe5340_0;
    %flag_set/vec4 8;
    %jmp/0xz  T_5.6, 8;
    %load/vec4 v0x55588cfbe4c0_0;
    %addi 1, 0, 32;
    %store/vec4 v0x55588cfbfd60_0, 0, 32;
    %jmp T_5.7;
T_5.6 ;
    %load/vec4 v0x55588cf76d70_0;
    %addi 1, 0, 32;
    %store/vec4 v0x55588cf780f0_0, 0, 32;
T_5.7 ;
T_5.3 ;
    %jmp T_5.1;
T_5.0 ;
    %pushi/vec4 0, 0, 32;
    %store/vec4 v0x55588cfbfd60_0, 0, 32;
    %pushi/vec4 0, 0, 32;
    %store/vec4 v0x55588cf780f0_0, 0, 32;
    %pushi/vec4 0, 0, 1;
    %store/vec4 v0x55588cf79990_0, 0, 1;
T_5.1 ;
    %jmp T_5;
    .thread T_5, $push;
    .scope S_0x55588cf893a0;
T_6 ;
    %wait E_0x55588cf6ea30;
    %load/vec4 v0x55588cfe4b60_0;
    %flag_set/vec4 8;
    %jmp/0xz  T_6.0, 8;
    %pushi/vec4 1, 0, 1;
    %assign/vec4 v0x55588cfe4c20_0, 0;
    %jmp T_6.1;
T_6.0 ;
    %pushi/vec4 0, 0, 1;
    %assign/vec4 v0x55588cfe4c20_0, 0;
T_6.1 ;
    %jmp T_6;
    .thread T_6;
    .scope S_0x55588cf893a0;
T_7 ;
    %wait E_0x55588cf6ea30;
    %load/vec4 v0x55588cfe4820_0;
    %flag_set/vec4 8;
    %jmp/0xz  T_7.0, 8;
    %load/vec4 v0x55588cfe49c0_0;
    %assign/vec4 v0x55588cfe48e0_0, 0;
    %jmp T_7.1;
T_7.0 ;
    %pushi/vec4 0, 0, 8;
    %assign/vec4 v0x55588cfe48e0_0, 0;
T_7.1 ;
    %jmp T_7;
    .thread T_7;
    .scope S_0x55588cf893a0;
T_8 ;
    %wait E_0x55588cf84970;
    %load/vec4 v0x55588cfe5400_0;
    %dup/vec4;
    %pushi/vec4 0, 0, 4;
    %cmp/u;
    %jmp/1 T_8.0, 6;
    %dup/vec4;
    %pushi/vec4 1, 0, 4;
    %cmp/u;
    %jmp/1 T_8.1, 6;
    %dup/vec4;
    %pushi/vec4 2, 0, 4;
    %cmp/u;
    %jmp/1 T_8.2, 6;
    %dup/vec4;
    %pushi/vec4 3, 0, 4;
    %cmp/u;
    %jmp/1 T_8.3, 6;
    %dup/vec4;
    %pushi/vec4 4, 0, 4;
    %cmp/u;
    %jmp/1 T_8.4, 6;
    %dup/vec4;
    %pushi/vec4 5, 0, 4;
    %cmp/u;
    %jmp/1 T_8.5, 6;
    %dup/vec4;
    %pushi/vec4 6, 0, 4;
    %cmp/u;
    %jmp/1 T_8.6, 6;
    %pushi/vec4 0, 0, 8;
    %store/vec4 v0x55588cfe49c0_0, 0, 8;
    %pushi/vec4 0, 0, 1;
    %store/vec4 v0x55588cfe4820_0, 0, 1;
    %pushi/vec4 0, 0, 1;
    %store/vec4 v0x55588cfe4b60_0, 0, 1;
    %jmp T_8.8;
T_8.0 ;
    %pushi/vec4 0, 0, 8;
    %store/vec4 v0x55588cfe49c0_0, 0, 8;
    %pushi/vec4 0, 0, 1;
    %store/vec4 v0x55588cfe4820_0, 0, 1;
    %pushi/vec4 0, 0, 1;
    %store/vec4 v0x55588cfe4b60_0, 0, 1;
    %jmp T_8.8;
T_8.1 ;
    %pushi/vec4 0, 0, 8;
    %store/vec4 v0x55588cfe49c0_0, 0, 8;
    %pushi/vec4 0, 0, 1;
    %store/vec4 v0x55588cfe4820_0, 0, 1;
    %pushi/vec4 0, 0, 1;
    %store/vec4 v0x55588cfe4b60_0, 0, 1;
    %jmp T_8.8;
T_8.2 ;
    %pushi/vec4 0, 0, 8;
    %store/vec4 v0x55588cfe49c0_0, 0, 8;
    %pushi/vec4 0, 0, 1;
    %store/vec4 v0x55588cfe4820_0, 0, 1;
    %pushi/vec4 0, 0, 1;
    %store/vec4 v0x55588cfe4b60_0, 0, 1;
    %jmp T_8.8;
T_8.3 ;
    %load/vec4 v0x55588cfe4ea0_0;
    %flag_set/vec4 8;
    %jmp/0xz  T_8.9, 8;
    %load/vec4 v0x55588cf79990_0;
    %ix/getv 4, v0x55588cfe5020_0;
    %store/vec4 v0x55588cfe49c0_0, 4, 1;
    %jmp T_8.10;
T_8.9 ;
    %load/vec4 v0x55588cfe49c0_0;
    %load/vec4 v0x55588cfe5020_0;
    %part/u 1;
    %ix/getv 4, v0x55588cfe5020_0;
    %store/vec4 v0x55588cfe49c0_0, 4, 1;
T_8.10 ;
    %jmp T_8.8;
T_8.4 ;
    %pushi/vec4 0, 0, 1;
    %store/vec4 v0x55588cfe4820_0, 0, 1;
    %pushi/vec4 0, 0, 1;
    %store/vec4 v0x55588cfe4b60_0, 0, 1;
    %jmp T_8.8;
T_8.5 ;
    %pushi/vec4 0, 0, 1;
    %store/vec4 v0x55588cfe4820_0, 0, 1;
    %pushi/vec4 1, 0, 1;
    %store/vec4 v0x55588cfe4b60_0, 0, 1;
    %jmp T_8.8;
T_8.6 ;
    %pushi/vec4 1, 0, 1;
    %store/vec4 v0x55588cfe4820_0, 0, 1;
    %pushi/vec4 0, 0, 1;
    %store/vec4 v0x55588cfe4b60_0, 0, 1;
    %jmp T_8.8;
T_8.8 ;
    %pop/vec4 1;
    %jmp T_8;
    .thread T_8, $push;
    .scope S_0x55588cfe5680;
T_9 ;
    %wait E_0x55588cfc6590;
    %load/vec4 v0x55588cfe6290_0;
    %flag_set/vec4 8;
    %jmp/0xz  T_9.0, 8;
    %pushi/vec4 0, 0, 4;
    %assign/vec4 v0x55588cfe6570_0, 0;
    %jmp T_9.1;
T_9.0 ;
    %load/vec4 v0x55588cfe6650_0;
    %assign/vec4 v0x55588cfe6570_0, 0;
T_9.1 ;
    %jmp T_9;
    .thread T_9;
    .scope S_0x55588cfe5680;
T_10 ;
    %wait E_0x55588cfc6590;
    %load/vec4 v0x55588cfe6290_0;
    %flag_set/vec4 8;
    %jmp/0xz  T_10.0, 8;
    %pushi/vec4 0, 0, 32;
    %assign/vec4 v0x55588cfe6000_0, 0;
    %pushi/vec4 0, 0, 1;
    %assign/vec4 v0x55588cfe6110_0, 0;
    %jmp T_10.1;
T_10.0 ;
    %load/vec4 v0x55588cfe61d0_0;
    %flag_set/vec4 8;
    %jmp/0xz  T_10.2, 8;
    %load/vec4 v0x55588cfe6000_0;
    %load/vec4 v0x55588cfe5f60_0;
    %subi 1, 0, 32;
    %cmp/u;
    %jmp/0xz  T_10.4, 5;
    %load/vec4 v0x55588cfe6000_0;
    %addi 1, 0, 32;
    %assign/vec4 v0x55588cfe6000_0, 0;
    %pushi/vec4 0, 0, 1;
    %assign/vec4 v0x55588cfe6110_0, 0;
    %jmp T_10.5;
T_10.4 ;
    %pushi/vec4 0, 0, 32;
    %assign/vec4 v0x55588cfe6000_0, 0;
    %pushi/vec4 1, 0, 1;
    %assign/vec4 v0x55588cfe6110_0, 0;
T_10.5 ;
    %jmp T_10.3;
T_10.2 ;
    %pushi/vec4 0, 0, 32;
    %assign/vec4 v0x55588cfe6000_0, 0;
    %pushi/vec4 0, 0, 1;
    %assign/vec4 v0x55588cfe6110_0, 0;
T_10.3 ;
T_10.1 ;
    %jmp T_10;
    .thread T_10;
    .scope S_0x55588cfe5680;
T_11 ;
    %wait E_0x55588cfc6590;
    %load/vec4 v0x55588cfe6290_0;
    %flag_set/vec4 8;
    %jmp/0xz  T_11.0, 8;
    %pushi/vec4 0, 0, 3;
    %assign/vec4 v0x55588cfe6330_0, 0;
    %pushi/vec4 0, 0, 1;
    %assign/vec4 v0x55588cfe63f0_0, 0;
    %jmp T_11.1;
T_11.0 ;
    %load/vec4 v0x55588cfe64b0_0;
    %load/vec4 v0x55588cfe6570_0;
    %pushi/vec4 4, 0, 4;
    %cmp/e;
    %flag_get/vec4 4;
    %and;
    %flag_set/vec4 8;
    %jmp/0xz  T_11.2, 8;
    %load/vec4 v0x55588cfe6330_0;
    %pad/u 32;
    %cmpi/u 7, 0, 32;
    %jmp/0xz  T_11.4, 5;
    %load/vec4 v0x55588cfe6110_0;
    %flag_set/vec4 8;
    %jmp/0xz  T_11.6, 8;
    %load/vec4 v0x55588cfe6330_0;
    %addi 1, 0, 3;
    %assign/vec4 v0x55588cfe6330_0, 0;
    %pushi/vec4 0, 0, 1;
    %assign/vec4 v0x55588cfe63f0_0, 0;
    %jmp T_11.7;
T_11.6 ;
    %load/vec4 v0x55588cfe6330_0;
    %assign/vec4 v0x55588cfe6330_0, 0;
    %pushi/vec4 0, 0, 1;
    %assign/vec4 v0x55588cfe63f0_0, 0;
T_11.7 ;
    %jmp T_11.5;
T_11.4 ;
    %load/vec4 v0x55588cfe6110_0;
    %flag_set/vec4 8;
    %jmp/0xz  T_11.8, 8;
    %pushi/vec4 0, 0, 3;
    %assign/vec4 v0x55588cfe6330_0, 0;
    %pushi/vec4 1, 0, 1;
    %assign/vec4 v0x55588cfe63f0_0, 0;
    %jmp T_11.9;
T_11.8 ;
    %load/vec4 v0x55588cfe6330_0;
    %assign/vec4 v0x55588cfe6330_0, 0;
    %pushi/vec4 0, 0, 1;
    %assign/vec4 v0x55588cfe63f0_0, 0;
T_11.9 ;
T_11.5 ;
    %jmp T_11.3;
T_11.2 ;
    %pushi/vec4 0, 0, 3;
    %assign/vec4 v0x55588cfe6330_0, 0;
    %pushi/vec4 0, 0, 1;
    %assign/vec4 v0x55588cfe63f0_0, 0;
T_11.3 ;
T_11.1 ;
    %jmp T_11;
    .thread T_11;
    .scope S_0x55588cfe5680;
T_12 ;
    %wait E_0x55588cf84400;
    %load/vec4 v0x55588cfe6570_0;
    %dup/vec4;
    %pushi/vec4 0, 0, 4;
    %cmp/u;
    %jmp/1 T_12.0, 6;
    %dup/vec4;
    %pushi/vec4 1, 0, 4;
    %cmp/u;
    %jmp/1 T_12.1, 6;
    %dup/vec4;
    %pushi/vec4 2, 0, 4;
    %cmp/u;
    %jmp/1 T_12.2, 6;
    %dup/vec4;
    %pushi/vec4 3, 0, 4;
    %cmp/u;
    %jmp/1 T_12.3, 6;
    %dup/vec4;
    %pushi/vec4 4, 0, 4;
    %cmp/u;
    %jmp/1 T_12.4, 6;
    %dup/vec4;
    %pushi/vec4 5, 0, 4;
    %cmp/u;
    %jmp/1 T_12.5, 6;
    %pushi/vec4 0, 0, 1;
    %store/vec4 v0x55588cfe61d0_0, 0, 1;
    %pushi/vec4 0, 0, 1;
    %store/vec4 v0x55588cfe61d0_0, 0, 1;
    %pushi/vec4 0, 0, 4;
    %store/vec4 v0x55588cfe6650_0, 0, 4;
    %jmp T_12.7;
T_12.0 ;
    %pushi/vec4 0, 0, 1;
    %store/vec4 v0x55588cfe61d0_0, 0, 1;
    %pushi/vec4 0, 0, 1;
    %store/vec4 v0x55588cfe64b0_0, 0, 1;
    %pushi/vec4 1, 0, 4;
    %store/vec4 v0x55588cfe6650_0, 0, 4;
    %jmp T_12.7;
T_12.1 ;
    %pushi/vec4 0, 0, 1;
    %store/vec4 v0x55588cfe61d0_0, 0, 1;
    %pushi/vec4 0, 0, 1;
    %store/vec4 v0x55588cfe64b0_0, 0, 1;
    %load/vec4 v0x55588cfe5ec0_0;
    %flag_set/vec4 8;
    %jmp/0xz  T_12.8, 8;
    %pushi/vec4 2, 0, 4;
    %store/vec4 v0x55588cfe6650_0, 0, 4;
    %jmp T_12.9;
T_12.8 ;
    %pushi/vec4 1, 0, 4;
    %store/vec4 v0x55588cfe6650_0, 0, 4;
T_12.9 ;
    %jmp T_12.7;
T_12.2 ;
    %pushi/vec4 1, 0, 1;
    %store/vec4 v0x55588cfe61d0_0, 0, 1;
    %pushi/vec4 0, 0, 1;
    %store/vec4 v0x55588cfe64b0_0, 0, 1;
    %pushi/vec4 3, 0, 4;
    %store/vec4 v0x55588cfe6650_0, 0, 4;
    %jmp T_12.7;
T_12.3 ;
    %load/vec4 v0x55588cfe6110_0;
    %flag_set/vec4 8;
    %jmp/0xz  T_12.10, 8;
    %pushi/vec4 1, 0, 1;
    %store/vec4 v0x55588cfe61d0_0, 0, 1;
    %pushi/vec4 1, 0, 1;
    %store/vec4 v0x55588cfe64b0_0, 0, 1;
    %pushi/vec4 4, 0, 4;
    %store/vec4 v0x55588cfe6650_0, 0, 4;
    %jmp T_12.11;
T_12.10 ;
    %pushi/vec4 3, 0, 4;
    %store/vec4 v0x55588cfe6650_0, 0, 4;
T_12.11 ;
    %jmp T_12.7;
T_12.4 ;
    %load/vec4 v0x55588cfe63f0_0;
    %flag_set/vec4 8;
    %jmp/0xz  T_12.12, 8;
    %pushi/vec4 1, 0, 1;
    %store/vec4 v0x55588cfe61d0_0, 0, 1;
    %pushi/vec4 0, 0, 1;
    %store/vec4 v0x55588cfe64b0_0, 0, 1;
    %pushi/vec4 5, 0, 4;
    %store/vec4 v0x55588cfe6650_0, 0, 4;
    %jmp T_12.13;
T_12.12 ;
    %pushi/vec4 4, 0, 4;
    %store/vec4 v0x55588cfe6650_0, 0, 4;
T_12.13 ;
    %jmp T_12.7;
T_12.5 ;
    %load/vec4 v0x55588cfe6110_0;
    %flag_set/vec4 8;
    %jmp/0xz  T_12.14, 8;
    %pushi/vec4 0, 0, 1;
    %store/vec4 v0x55588cfe61d0_0, 0, 1;
    %pushi/vec4 0, 0, 1;
    %store/vec4 v0x55588cfe64b0_0, 0, 1;
    %pushi/vec4 1, 0, 4;
    %store/vec4 v0x55588cfe6650_0, 0, 4;
    %jmp T_12.15;
T_12.14 ;
    %pushi/vec4 5, 0, 4;
    %store/vec4 v0x55588cfe6650_0, 0, 4;
T_12.15 ;
    %jmp T_12.7;
T_12.7 ;
    %pop/vec4 1;
    %jmp T_12;
    .thread T_12, $push;
    .scope S_0x55588cfe5680;
T_13 ;
    %wait E_0x55588cf84060;
    %load/vec4 v0x55588cfe6570_0;
    %dup/vec4;
    %pushi/vec4 0, 0, 4;
    %cmp/u;
    %jmp/1 T_13.0, 6;
    %dup/vec4;
    %pushi/vec4 1, 0, 4;
    %cmp/u;
    %jmp/1 T_13.1, 6;
    %dup/vec4;
    %pushi/vec4 2, 0, 4;
    %cmp/u;
    %jmp/1 T_13.2, 6;
    %dup/vec4;
    %pushi/vec4 3, 0, 4;
    %cmp/u;
    %jmp/1 T_13.3, 6;
    %dup/vec4;
    %pushi/vec4 4, 0, 4;
    %cmp/u;
    %jmp/1 T_13.4, 6;
    %dup/vec4;
    %pushi/vec4 5, 0, 4;
    %cmp/u;
    %jmp/1 T_13.5, 6;
    %pushi/vec4 0, 0, 8;
    %store/vec4 v0x55588cfe67f0_0, 0, 8;
    %pushi/vec4 1, 0, 1;
    %store/vec4 v0x55588cfe68d0_0, 0, 1;
    %jmp T_13.7;
T_13.0 ;
    %pushi/vec4 0, 0, 8;
    %store/vec4 v0x55588cfe67f0_0, 0, 8;
    %pushi/vec4 1, 0, 1;
    %store/vec4 v0x55588cfe68d0_0, 0, 1;
    %jmp T_13.7;
T_13.1 ;
    %pushi/vec4 0, 0, 8;
    %store/vec4 v0x55588cfe67f0_0, 0, 8;
    %pushi/vec4 1, 0, 1;
    %store/vec4 v0x55588cfe68d0_0, 0, 1;
    %jmp T_13.7;
T_13.2 ;
    %load/vec4 v0x55588cfe5e20_0;
    %store/vec4 v0x55588cfe67f0_0, 0, 8;
    %pushi/vec4 1, 0, 1;
    %store/vec4 v0x55588cfe68d0_0, 0, 1;
    %jmp T_13.7;
T_13.3 ;
    %pushi/vec4 0, 0, 1;
    %store/vec4 v0x55588cfe68d0_0, 0, 1;
    %jmp T_13.7;
T_13.4 ;
    %load/vec4 v0x55588cfe67f0_0;
    %load/vec4 v0x55588cfe6330_0;
    %part/u 1;
    %store/vec4 v0x55588cfe68d0_0, 0, 1;
    %jmp T_13.7;
T_13.5 ;
    %pushi/vec4 1, 0, 1;
    %store/vec4 v0x55588cfe68d0_0, 0, 1;
    %jmp T_13.7;
T_13.7 ;
    %pop/vec4 1;
    %jmp T_13;
    .thread T_13, $push;
    .scope S_0x55588cf89170;
T_14 ;
    %pushi/vec4 0, 0, 1;
    %store/vec4 v0x55588cfe6dd0_0, 0, 1;
    %pushi/vec4 0, 0, 1;
    %store/vec4 v0x55588cfe70b0_0, 0, 1;
    %pushi/vec4 1024, 0, 32;
    %store/vec4 v0x55588cfe6fd0_0, 0, 32;
    %pushi/vec4 1, 0, 1;
    %store/vec4 v0x55588cfe72e0_0, 0, 1;
    %end;
    .thread T_14;
    .scope S_0x55588cf89170;
T_15 ;
    %vpi_call 2 6 "$dumpfile", "test.vcd" {0 0 0};
    %vpi_call 2 7 "$dumpvars" {0 0 0};
    %end;
    .thread T_15;
    .scope S_0x55588cf89170;
T_16 ;
    %delay 101000, 0;
    %load/vec4 v0x55588cfe6dd0_0;
    %inv;
    %store/vec4 v0x55588cfe6dd0_0, 0, 1;
    %jmp T_16;
    .thread T_16;
    .scope S_0x55588cf89170;
T_17 ;
    %wait E_0x55588cf87990;
    %pushi/vec4 0, 0, 5;
    %store/vec4 v0x55588cfe6c30_0, 0, 5;
    %pushi/vec4 0, 0, 1;
    %store/vec4 v0x55588cfe72e0_0, 0, 1;
T_17.0 ;
    %load/vec4 v0x55588cfe6c30_0;
    %pad/u 32;
    %cmpi/u 8, 0, 32;
    %jmp/0xz T_17.1, 5;
    %load/vec4 v0x55588cfe6fd0_0;
    %muli 101, 0, 32;
    %pad/u 64;
    %muli 1000, 0, 64;
    %ix/vec4 4;
    %delayx 4;
    %load/vec4 v0x55588cfe6cf0_0;
    %load/vec4 v0x55588cfe6c30_0;
    %part/u 1;
    %store/vec4 v0x55588cfe72e0_0, 0, 1;
    %load/vec4 v0x55588cfe6c30_0;
    %addi 1, 0, 5;
    %store/vec4 v0x55588cfe6c30_0, 0, 5;
    %jmp T_17.0;
T_17.1 ;
    %load/vec4 v0x55588cfe6fd0_0;
    %muli 101, 0, 32;
    %pad/u 64;
    %muli 1000, 0, 64;
    %ix/vec4 4;
    %delayx 4;
    %pushi/vec4 1, 0, 1;
    %store/vec4 v0x55588cfe72e0_0, 0, 1;
    %jmp T_17;
    .thread T_17;
    .scope S_0x55588cf89170;
T_18 ;
    %delay 200000, 0;
    %pushi/vec4 1, 0, 1;
    %store/vec4 v0x55588cfe70b0_0, 0, 1;
    %delay 5000000, 0;
    %pushi/vec4 0, 0, 1;
    %store/vec4 v0x55588cfe70b0_0, 0, 1;
    %delay 5000000, 0;
    %pushi/vec4 86, 0, 8;
    %store/vec4 v0x55588cfe6cf0_0, 0, 8;
    %event E_0x55588cf87990;
    %delay 3000000000, 0;
    %vpi_call 2 63 "$stop" {0 0 0};
    %end;
    .thread T_18;
# The file index is used to find the file name in the following table.
:file_names 5;
    "N/A";
    "<interactive>";
    "bench.v";
    "uart_rx.v";
    "uart_tx.v";
